 
Ansoft HFSS Version 14.0.0, Build: 2011-10-22 21:03:32
Location: C:\Program Files\Ansoft\HFSS14.0\Win64\hfss.exe
Non Graphical Mode: No Project??
Starting Batch Run: 2:26:57 AM  Nov 15, 2018
Running as user: DESKTOP-K6646BG\DELL
Temp directory: C:\Users\DELL\AppData\Local\Temp
Project directory: C:\Users\DELL\Documents\Ansoft
[warning] Unable to find script file C:/Opt_files/temp/patch_antenna_gen_1_pop_15.vbs.
 
Ansoft HFSS Version 14.0.0, Build: 2011-10-22 21:03:32
Location: C:\Program Files\Ansoft\HFSS14.0\Win64\hfss.exe
Non Graphical Mode: No Project??
Starting Batch Run: 8:49:08 AM  Nov 15, 2018
Running as user: DESKTOP-K6646BG\DELL
Temp directory: C:\Users\DELL\AppData\Local\Temp
Project directory: C:\Users\DELL\Documents\Ansoft
[warning] Unable to find script file C:/Opt_files/temp/patch_antenna_gen_2_pop_15.vbs.
 
Ansoft HFSS Version 14.0.0, Build: 2011-10-22 21:03:32
Location: C:\Program Files\Ansoft\HFSS14.0\Win64\hfss.exe
Non Graphical Mode: No Project??
Starting Batch Run: 9:08:03 AM  Nov 15, 2018
Running as user: DESKTOP-K6646BG\DELL
Temp directory: C:\Users\DELL\AppData\Local\Temp
Project directory: C:\Users\DELL\Documents\Ansoft
[warning] Unable to find script file C:/Opt_files/temp/patch_antenna_gen_3_pop_15.vbs.
 
Ansoft HFSS Version 14.0.0, Build: 2011-10-22 21:03:32
Location: C:\Program Files\Ansoft\HFSS14.0\Win64\hfss.exe
Non Graphical Mode: No Project??
Starting Batch Run: 12:57:35 AM  Dec 05, 2018
Running as user: DESKTOP-K6646BG\DELL
Temp directory: C:\Users\DELL\AppData\Local\Temp
Project directory: C:\Users\DELL\Documents\Ansoft
[warning] Unable to find script file C:/Opt_files/temp/patch_antenna_gen_1_pop_5.vbs.
 
Ansoft HFSS Version 14.0.0, Build: 2011-10-22 21:03:32
Location: C:\Program Files\Ansoft\HFSS14.0\Win64\hfss.exe
Non Graphical Mode: No Project??
Starting Batch Run: 10:34:44 AM  Jan 26, 2019
Running as user: DESKTOP-K6646BG\DELL
Temp directory: C:\Users\DELL\AppData\Local\Temp
Project directory: C:\Users\DELL\Documents\Ansoft
[warning] Unable to find script file C:/Opt_files/temp/patch_antenna_gen_2_pop_10.vbs.
 
Ansoft HFSS Version 14.0.0, Build: 2011-10-22 21:03:32
Location: C:\Program Files\Ansoft\HFSS14.0\Win64\hfss.exe
Non Graphical Mode: No Project??
Starting Batch Run: 10:49:08 AM  Jan 26, 2019
Running as user: DESKTOP-K6646BG\DELL
Temp directory: C:\Users\DELL\AppData\Local\Temp
Project directory: C:\Users\DELL\Documents\Ansoft
[warning] Unable to find script file C:/Opt_files/temp/patch_antenna_gen_3_pop_10.vbs.
 
Ansoft HFSS Version 14.0.0, Build: 2011-10-22 21:03:32
Location: C:\Program Files\Ansoft\HFSS14.0\Win64\hfss.exe
Non Graphical Mode: No Project??
Starting Batch Run: 5:16:36 PM  Jan 26, 2019
Running as user: DESKTOP-K6646BG\DELL
Temp directory: C:\Users\DELL\AppData\Local\Temp
Project directory: C:\Users\DELL\Documents\Ansoft
[warning] Unable to find script file C:/Opt_files/temp/patch_antenna_gen_2_pop_10.vbs.
 
Ansoft HFSS Version 14.0.0, Build: 2011-10-22 21:03:32
Location: C:\Program Files\Ansoft\HFSS14.0\Win64\hfss.exe
Non Graphical Mode: No Project??
Starting Batch Run: 5:23:40 PM  Jan 26, 2019
Running as user: DESKTOP-K6646BG\DELL
Temp directory: C:\Users\DELL\AppData\Local\Temp
Project directory: C:\Users\DELL\Documents\Ansoft
[warning] Unable to find script file C:/Opt_files/temp/patch_antenna_gen_3_pop_10.vbs.
 
Ansoft HFSS Version 14.0.0, Build: 2011-10-22 21:03:32
Location: C:\Program Files\Ansoft\HFSS14.0\Win64\hfss.exe
Non Graphical Mode: No Project??
Starting Batch Run: 5:48:13 PM  Jan 26, 2019
Running as user: DESKTOP-K6646BG\DELL
Temp directory: C:\Users\DELL\AppData\Local\Temp
Project directory: C:\Users\DELL\Documents\Ansoft
[warning] Unable to find script file C:/Opt_files/temp/patch_antenna_gen_1_pop_15.vbs.
 
Ansoft HFSS Version 14.0.0, Build: 2011-10-22 21:03:32
Location: C:\Program Files\Ansoft\HFSS14.0\Win64\hfss.exe
Non Graphical Mode: No Project??
Starting Batch Run: 6:05:42 PM  Jan 26, 2019
Running as user: DESKTOP-K6646BG\DELL
Temp directory: C:\Users\DELL\AppData\Local\Temp
Project directory: C:\Users\DELL\Documents\Ansoft
[warning] Unable to find script file C:/Opt_files/temp/patch_antenna_gen_2_pop_15.vbs.
 
Ansoft HFSS Version 14.0.0, Build: 2011-10-22 21:03:32
Location: C:\Program Files\Ansoft\HFSS14.0\Win64\hfss.exe
Non Graphical Mode: No Project??
Starting Batch Run: 6:21:16 PM  Jan 26, 2019
Running as user: DESKTOP-K6646BG\DELL
Temp directory: C:\Users\DELL\AppData\Local\Temp
Project directory: C:\Users\DELL\Documents\Ansoft
[warning] Unable to find script file C:/Opt_files/temp/patch_antenna_gen_3_pop_15.vbs.
 
Ansoft HFSS Version 14.0.0, Build: 2011-10-22 21:03:32
Location: C:\Program Files\Ansoft\HFSS14.0\Win64\hfss.exe
Non Graphical Mode: No Project??
Starting Batch Run: 6:32:21 PM  Jan 26, 2019
Running as user: DESKTOP-K6646BG\DELL
Temp directory: C:\Users\DELL\AppData\Local\Temp
Project directory: C:\Users\DELL\Documents\Ansoft
[warning] Unable to find script file C:/Opt_files/temp/patch_antenna_gen_4_pop_15.vbs.
 
Ansoft HFSS Version 14.0.0, Build: 2011-10-22 21:03:32
Location: C:\Program Files\Ansoft\HFSS14.0\Win64\hfss.exe
Non Graphical Mode: No Project??
Starting Batch Run: 6:43:20 PM  Jan 26, 2019
Running as user: DESKTOP-K6646BG\DELL
Temp directory: C:\Users\DELL\AppData\Local\Temp
Project directory: C:\Users\DELL\Documents\Ansoft
[warning] Unable to find script file C:/Opt_files/temp/patch_antenna_gen_5_pop_15.vbs.
 
Ansoft HFSS Version 14.0.0, Build: 2011-10-22 21:03:32
Location: C:\Program Files\Ansoft\HFSS14.0\Win64\hfss.exe
Non Graphical Mode: No Project??
Starting Batch Run: 6:54:37 PM  Jan 26, 2019
Running as user: DESKTOP-K6646BG\DELL
Temp directory: C:\Users\DELL\AppData\Local\Temp
Project directory: C:\Users\DELL\Documents\Ansoft
[warning] Unable to find script file C:/Opt_files/temp/patch_antenna_gen_6_pop_15.vbs.
 
Ansoft HFSS Version 14.0.0, Build: 2011-10-22 21:03:32
Location: C:\Program Files\Ansoft\HFSS14.0\Win64\hfss.exe
Non Graphical Mode: No Project??
Starting Batch Run: 7:03:59 PM  Jan 26, 2019
Running as user: DESKTOP-K6646BG\DELL
Temp directory: C:\Users\DELL\AppData\Local\Temp
Project directory: C:\Users\DELL\Documents\Ansoft
[warning] Unable to find script file C:/Opt_files/temp/patch_antenna_gen_7_pop_15.vbs.
 
Ansoft HFSS Version 14.0.0, Build: 2011-10-22 21:03:32
Location: C:\Program Files\Ansoft\HFSS14.0\Win64\hfss.exe
Non Graphical Mode: No Project??
Starting Batch Run: 7:24:31 PM  Jan 26, 2019
Running as user: DESKTOP-K6646BG\DELL
Temp directory: C:\Users\DELL\AppData\Local\Temp
Project directory: C:\Users\DELL\Documents\Ansoft
[warning] Unable to find script file C:/Opt_files/temp/patch_antenna_gen_1_pop_15.vbs.
 
Ansoft HFSS Version 14.0.0, Build: 2011-10-22 21:03:32
Location: C:\Program Files\Ansoft\HFSS14.0\Win64\hfss.exe
Non Graphical Mode: No Project??
Starting Batch Run: 7:40:54 PM  Jan 26, 2019
Running as user: DESKTOP-K6646BG\DELL
Temp directory: C:\Users\DELL\AppData\Local\Temp
Project directory: C:\Users\DELL\Documents\Ansoft
[warning] Unable to find script file C:/Opt_files/temp/patch_antenna_gen_2_pop_15.vbs.
 
Ansoft HFSS Version 14.0.0, Build: 2011-10-22 21:03:32
Location: C:\Program Files\Ansoft\HFSS14.0\Win64\hfss.exe
Non Graphical Mode: No Project??
Starting Batch Run: 7:51:44 PM  Jan 26, 2019
Running as user: DESKTOP-K6646BG\DELL
Temp directory: C:\Users\DELL\AppData\Local\Temp
Project directory: C:\Users\DELL\Documents\Ansoft
[warning] Unable to find script file C:/Opt_files/temp/patch_antenna_gen_3_pop_15.vbs.
 
Ansoft HFSS Version 14.0.0, Build: 2011-10-22 21:03:32
Location: C:\Program Files\Ansoft\HFSS14.0\Win64\hfss.exe
Non Graphical Mode: No Project??
Starting Batch Run: 8:07:50 PM  Jan 26, 2019
Running as user: DESKTOP-K6646BG\DELL
Temp directory: C:\Users\DELL\AppData\Local\Temp
Project directory: C:\Users\DELL\Documents\Ansoft
[warning] Unable to find script file C:/Opt_files/temp/patch_antenna_gen_4_pop_15.vbs.
 
Ansoft HFSS Version 14.0.0, Build: 2011-10-22 21:03:32
Location: C:\Program Files\Ansoft\HFSS14.0\Win64\hfss.exe
Non Graphical Mode: No Project??
Starting Batch Run: 8:19:11 PM  Jan 26, 2019
Running as user: DESKTOP-K6646BG\DELL
Temp directory: C:\Users\DELL\AppData\Local\Temp
Project directory: C:\Users\DELL\Documents\Ansoft
[warning] Unable to find script file C:/Opt_files/temp/patch_antenna_gen_5_pop_15.vbs.
 
Ansoft HFSS Version 14.0.0, Build: 2011-10-22 21:03:32
Location: C:\Program Files\Ansoft\HFSS14.0\Win64\hfss.exe
Non Graphical Mode: No Project??
Starting Batch Run: 8:43:20 PM  Jan 26, 2019
Running as user: DESKTOP-K6646BG\DELL
Temp directory: C:\Users\DELL\AppData\Local\Temp
Project directory: C:\Users\DELL\Documents\Ansoft
[warning] Unable to find script file C:/Opt_files/temp/patch_antenna_gen_6_pop_15.vbs.
 
Ansoft HFSS Version 14.0.0, Build: 2011-10-22 21:03:32
Location: C:\Program Files\Ansoft\HFSS14.0\Win64\hfss.exe
Non Graphical Mode: No Project??
Starting Batch Run: 9:34:29 PM  Jan 26, 2019
Running as user: DESKTOP-K6646BG\DELL
Temp directory: C:\Users\DELL\AppData\Local\Temp
Project directory: C:\Users\DELL\Documents\Ansoft
[warning] Unable to find script file C:/Opt_files/temp/patch_antenna_gen_1_pop_15.vbs.
 
Ansoft HFSS Version 14.0.0, Build: 2011-10-22 21:03:32
Location: C:\Program Files\Ansoft\HFSS14.0\Win64\hfss.exe
Non Graphical Mode: No Project??
Starting Batch Run: 9:49:40 PM  Jan 26, 2019
Running as user: DESKTOP-K6646BG\DELL
Temp directory: C:\Users\DELL\AppData\Local\Temp
Project directory: C:\Users\DELL\Documents\Ansoft
[warning] Unable to find script file C:/Opt_files/temp/patch_antenna_gen_2_pop_15.vbs.
 
Ansoft HFSS Version 14.0.0, Build: 2011-10-22 21:03:32
Location: C:\Program Files\Ansoft\HFSS14.0\Win64\hfss.exe
Non Graphical Mode: No Project??
Starting Batch Run: 10:04:28 PM  Jan 26, 2019
Running as user: DESKTOP-K6646BG\DELL
Temp directory: C:\Users\DELL\AppData\Local\Temp
Project directory: C:\Users\DELL\Documents\Ansoft
[warning] Unable to find script file C:/Opt_files/temp/patch_antenna_gen_3_pop_15.vbs.
 
Ansoft HFSS Version 14.0.0, Build: 2011-10-22 21:03:32
Location: C:\Program Files\Ansoft\HFSS14.0\Win64\hfss.exe
Non Graphical Mode: No Project??
Starting Batch Run: 10:21:56 PM  Jan 26, 2019
Running as user: DESKTOP-K6646BG\DELL
Temp directory: C:\Users\DELL\AppData\Local\Temp
Project directory: C:\Users\DELL\Documents\Ansoft
[warning] Unable to find script file C:/Opt_files/temp/patch_antenna_gen_4_pop_15.vbs.
 
Ansoft HFSS Version 14.0.0, Build: 2011-10-22 21:03:32
Location: C:\Program Files\Ansoft\HFSS14.0\Win64\hfss.exe
Non Graphical Mode: No Project??
Starting Batch Run: 10:36:37 PM  Jan 26, 2019
Running as user: DESKTOP-K6646BG\DELL
Temp directory: C:\Users\DELL\AppData\Local\Temp
Project directory: C:\Users\DELL\Documents\Ansoft
[warning] Unable to find script file C:/Opt_files/temp/patch_antenna_gen_5_pop_15.vbs.
 
Ansoft HFSS Version 14.0.0, Build: 2011-10-22 21:03:32
Location: C:\Program Files\Ansoft\HFSS14.0\Win64\hfss.exe
Non Graphical Mode: No Project??
Starting Batch Run: 10:52:07 PM  Jan 26, 2019
Running as user: DESKTOP-K6646BG\DELL
Temp directory: C:\Users\DELL\AppData\Local\Temp
Project directory: C:\Users\DELL\Documents\Ansoft
[warning] Unable to find script file C:/Opt_files/temp/patch_antenna_gen_6_pop_15.vbs.
 
Ansoft HFSS Version 14.0.0, Build: 2011-10-22 21:03:32
Location: C:\Program Files\Ansoft\HFSS14.0\Win64\hfss.exe
Non Graphical Mode: No Project??
Starting Batch Run: 11:03:42 PM  Jan 26, 2019
Running as user: DESKTOP-K6646BG\DELL
Temp directory: C:\Users\DELL\AppData\Local\Temp
Project directory: C:\Users\DELL\Documents\Ansoft
[warning] Unable to find script file C:/Opt_files/temp/patch_antenna_gen_7_pop_15.vbs.
 
Ansoft HFSS Version 14.0.0, Build: 2011-10-22 21:03:32
Location: C:\Program Files\Ansoft\HFSS14.0\Win64\hfss.exe
Non Graphical Mode: No Project??
Starting Batch Run: 11:23:54 PM  Jan 26, 2019
Running as user: DESKTOP-K6646BG\DELL
Temp directory: C:\Users\DELL\AppData\Local\Temp
Project directory: C:\Users\DELL\Documents\Ansoft
[warning] Unable to find script file C:/Opt_files/temp/patch_antenna_gen_8_pop_15.vbs.
 
Ansoft HFSS Version 14.0.0, Build: 2011-10-22 21:03:32
Location: C:\Program Files\Ansoft\HFSS14.0\Win64\hfss.exe
Non Graphical Mode: No Project??
Starting Batch Run: 11:46:34 PM  Jan 26, 2019
Running as user: DESKTOP-K6646BG\DELL
Temp directory: C:\Users\DELL\AppData\Local\Temp
Project directory: C:\Users\DELL\Documents\Ansoft
[warning] Unable to find script file C:/Opt_files/temp/patch_antenna_gen_9_pop_15.vbs.
 
Ansoft HFSS Version 14.0.0, Build: 2011-10-22 21:03:32
Location: C:\Program Files\Ansoft\HFSS14.0\Win64\hfss.exe
Non Graphical Mode: No Project??
Starting Batch Run: 12:44:15 AM  Jan 27, 2019
Running as user: DESKTOP-K6646BG\DELL
Temp directory: C:\Users\DELL\AppData\Local\Temp
Project directory: C:\Users\DELL\Documents\Ansoft
[warning] Unable to find script file C:/Opt_files/temp/patch_antenna_gen_2_pop_10.vbs.
 
Ansoft HFSS Version 14.0.0, Build: 2011-10-22 21:03:32
Location: C:\Program Files\Ansoft\HFSS14.0\Win64\hfss.exe
Non Graphical Mode: No Project??
Starting Batch Run: 12:51:37 AM  Jan 27, 2019
Running as user: DESKTOP-K6646BG\DELL
Temp directory: C:\Users\DELL\AppData\Local\Temp
Project directory: C:\Users\DELL\Documents\Ansoft
[warning] Unable to find script file C:/Opt_files/temp/patch_antenna_gen_3_pop_10.vbs.
 
Ansoft HFSS Version 14.0.0, Build: 2011-10-22 21:03:32
Location: C:\Program Files\Ansoft\HFSS14.0\Win64\hfss.exe
Non Graphical Mode: No Project??
Starting Batch Run: 12:59:14 AM  Jan 27, 2019
Running as user: DESKTOP-K6646BG\DELL
Temp directory: C:\Users\DELL\AppData\Local\Temp
Project directory: C:\Users\DELL\Documents\Ansoft
[warning] Unable to find script file C:/Opt_files/temp/patch_antenna_gen_4_pop_10.vbs.
 
Ansoft HFSS Version 14.0.0, Build: 2011-10-22 21:03:32
Location: C:\Program Files\Ansoft\HFSS14.0\Win64\hfss.exe
Non Graphical Mode: No Project??
Starting Batch Run: 1:06:27 AM  Jan 27, 2019
Running as user: DESKTOP-K6646BG\DELL
Temp directory: C:\Users\DELL\AppData\Local\Temp
Project directory: C:\Users\DELL\Documents\Ansoft
[warning] Unable to find script file C:/Opt_files/temp/patch_antenna_gen_5_pop_10.vbs.
 
Ansoft HFSS Version 14.0.0, Build: 2011-10-22 21:03:32
Location: C:\Program Files\Ansoft\HFSS14.0\Win64\hfss.exe
Non Graphical Mode: No Project??
Starting Batch Run: 1:14:13 AM  Jan 27, 2019
Running as user: DESKTOP-K6646BG\DELL
Temp directory: C:\Users\DELL\AppData\Local\Temp
Project directory: C:\Users\DELL\Documents\Ansoft
[warning] Unable to find script file C:/Opt_files/temp/patch_antenna_gen_6_pop_10.vbs.
 
Ansoft HFSS Version 14.0.0, Build: 2011-10-22 21:03:32
Location: C:\Program Files\Ansoft\HFSS14.0\Win64\hfss.exe
Non Graphical Mode: No Project??
Starting Batch Run: 1:27:10 AM  Jan 27, 2019
Running as user: DESKTOP-K6646BG\DELL
Temp directory: C:\Users\DELL\AppData\Local\Temp
Project directory: C:\Users\DELL\Documents\Ansoft
[warning] Unable to find script file C:/Opt_files/temp/patch_antenna_gen_7_pop_10.vbs.
 
Ansoft HFSS Version 14.0.0, Build: 2011-10-22 21:03:32
Location: C:\Program Files\Ansoft\HFSS14.0\Win64\hfss.exe
Non Graphical Mode: No Project??
Starting Batch Run: 1:33:38 AM  Jan 27, 2019
Running as user: DESKTOP-K6646BG\DELL
Temp directory: C:\Users\DELL\AppData\Local\Temp
Project directory: C:\Users\DELL\Documents\Ansoft
[warning] Unable to find script file C:/Opt_files/temp/patch_antenna_gen_8_pop_10.vbs.
 
Ansoft HFSS Version 14.0.0, Build: 2011-10-22 21:03:32
Location: C:\Program Files\Ansoft\HFSS14.0\Win64\hfss.exe
Non Graphical Mode: No Project??
Starting Batch Run: 1:54:30 AM  Jan 27, 2019
Running as user: DESKTOP-K6646BG\DELL
Temp directory: C:\Users\DELL\AppData\Local\Temp
Project directory: C:\Users\DELL\Documents\Ansoft
[warning] Unable to find script file C:/Opt_files/temp/patch_antenna_gen_2_pop_10.vbs.
 
Ansoft HFSS Version 14.0.0, Build: 2011-10-22 21:03:32
Location: C:\Program Files\Ansoft\HFSS14.0\Win64\hfss.exe
Non Graphical Mode: No Project??
Starting Batch Run: 2:04:03 AM  Jan 27, 2019
Running as user: DESKTOP-K6646BG\DELL
Temp directory: C:\Users\DELL\AppData\Local\Temp
Project directory: C:\Users\DELL\Documents\Ansoft
[warning] Unable to find script file C:/Opt_files/temp/patch_antenna_gen_3_pop_10.vbs.
 
Ansoft HFSS Version 14.0.0, Build: 2011-10-22 21:03:32
Location: C:\Program Files\Ansoft\HFSS14.0\Win64\hfss.exe
Non Graphical Mode: No Project??
Starting Batch Run: 2:12:21 AM  Jan 27, 2019
Running as user: DESKTOP-K6646BG\DELL
Temp directory: C:\Users\DELL\AppData\Local\Temp
Project directory: C:\Users\DELL\Documents\Ansoft
[warning] Unable to find script file C:/Opt_files/temp/patch_antenna_gen_4_pop_10.vbs.
 
Ansoft HFSS Version 14.0.0, Build: 2011-10-22 21:03:32
Location: C:\Program Files\Ansoft\HFSS14.0\Win64\hfss.exe
Non Graphical Mode: No Project??
Starting Batch Run: 2:19:26 AM  Jan 27, 2019
Running as user: DESKTOP-K6646BG\DELL
Temp directory: C:\Users\DELL\AppData\Local\Temp
Project directory: C:\Users\DELL\Documents\Ansoft
[warning] Unable to find script file C:/Opt_files/temp/patch_antenna_gen_5_pop_10.vbs.
 
Ansoft HFSS Version 14.0.0, Build: 2011-10-22 21:03:32
Location: C:\Program Files\Ansoft\HFSS14.0\Win64\hfss.exe
Non Graphical Mode: No Project??
Starting Batch Run: 2:27:15 AM  Jan 27, 2019
Running as user: DESKTOP-K6646BG\DELL
Temp directory: C:\Users\DELL\AppData\Local\Temp
Project directory: C:\Users\DELL\Documents\Ansoft
[warning] Unable to find script file C:/Opt_files/temp/patch_antenna_gen_6_pop_10.vbs.
 
Ansoft HFSS Version 14.0.0, Build: 2011-10-22 21:03:32
Location: C:\Program Files\Ansoft\HFSS14.0\Win64\hfss.exe
Non Graphical Mode: No Project??
Starting Batch Run: 2:40:09 AM  Jan 27, 2019
Running as user: DESKTOP-K6646BG\DELL
Temp directory: C:\Users\DELL\AppData\Local\Temp
Project directory: C:\Users\DELL\Documents\Ansoft
[warning] Unable to find script file C:/Opt_files/temp/patch_antenna_gen_7_pop_10.vbs.
 
Ansoft HFSS Version 14.0.0, Build: 2011-10-22 21:03:32
Location: C:\Program Files\Ansoft\HFSS14.0\Win64\hfss.exe
Non Graphical Mode: No Project??
Starting Batch Run: 2:48:43 AM  Jan 27, 2019
Running as user: DESKTOP-K6646BG\DELL
Temp directory: C:\Users\DELL\AppData\Local\Temp
Project directory: C:\Users\DELL\Documents\Ansoft
[warning] Unable to find script file C:/Opt_files/temp/patch_antenna_gen_8_pop_10.vbs.
 
Ansoft HFSS Version 14.0.0, Build: 2011-10-22 21:03:32
Location: C:\Program Files\Ansoft\HFSS14.0\Win64\hfss.exe
Non Graphical Mode: No Project??
Starting Batch Run: 2:58:22 AM  Jan 27, 2019
Running as user: DESKTOP-K6646BG\DELL
Temp directory: C:\Users\DELL\AppData\Local\Temp
Project directory: C:\Users\DELL\Documents\Ansoft
[warning] Unable to find script file C:/Opt_files/temp/patch_antenna_gen_9_pop_10.vbs.
 
Ansoft HFSS Version 14.0.0, Build: 2011-10-22 21:03:32
Location: C:\Program Files\Ansoft\HFSS14.0\Win64\hfss.exe
Non Graphical Mode: No Project??
Starting Batch Run: 3:10:44 AM  Jan 27, 2019
Running as user: DESKTOP-K6646BG\DELL
Temp directory: C:\Users\DELL\AppData\Local\Temp
Project directory: C:\Users\DELL\Documents\Ansoft
[warning] Unable to find script file C:/Opt_files/temp/patch_antenna_gen_10_pop_10.vbs.
 
Ansoft HFSS Version 14.0.0, Build: 2011-10-22 21:03:32
Location: C:\Program Files\Ansoft\HFSS14.0\Win64\hfss.exe
Non Graphical Mode: No Project??
Starting Batch Run: 3:19:48 AM  Jan 27, 2019
Running as user: DESKTOP-K6646BG\DELL
Temp directory: C:\Users\DELL\AppData\Local\Temp
Project directory: C:\Users\DELL\Documents\Ansoft
[warning] Unable to find script file C:/Opt_files/temp/patch_antenna_gen_11_pop_10.vbs.
 
Ansoft HFSS Version 14.0.0, Build: 2011-10-22 21:03:32
Location: C:\Program Files\Ansoft\HFSS14.0\Win64\hfss.exe
Non Graphical Mode: No Project??
Starting Batch Run: 3:29:21 AM  Jan 27, 2019
Running as user: DESKTOP-K6646BG\DELL
Temp directory: C:\Users\DELL\AppData\Local\Temp
Project directory: C:\Users\DELL\Documents\Ansoft
[warning] Unable to find script file C:/Opt_files/temp/patch_antenna_gen_12_pop_10.vbs.
 
Ansoft HFSS Version 14.0.0, Build: 2011-10-22 21:03:32
Location: C:\Program Files\Ansoft\HFSS14.0\Win64\hfss.exe
Non Graphical Mode: No Project??
Starting Batch Run: 3:55:07 AM  Jan 27, 2019
Running as user: DESKTOP-K6646BG\DELL
Temp directory: C:\Users\DELL\AppData\Local\Temp
Project directory: C:\Users\DELL\Documents\Ansoft
[warning] Unable to find script file C:/Opt_files/temp/patch_antenna_gen_1_pop_5.vbs.
 
Ansoft HFSS Version 14.0.0, Build: 2011-10-22 21:03:32
Location: C:\Program Files\Ansoft\HFSS14.0\Win64\hfss.exe
Non Graphical Mode: No Project??
Starting Batch Run: 3:57:50 AM  Jan 27, 2019
Running as user: DESKTOP-K6646BG\DELL
Temp directory: C:\Users\DELL\AppData\Local\Temp
Project directory: C:\Users\DELL\Documents\Ansoft
[warning] Unable to find script file C:/Opt_files/temp/patch_antenna_gen_1_pop_5.vbs.
 
Ansoft HFSS Version 14.0.0, Build: 2011-10-22 21:03:32
Location: C:\Program Files\Ansoft\HFSS14.0\Win64\hfss.exe
Non Graphical Mode: No Project??
Starting Batch Run: 4:00:20 AM  Jan 27, 2019
Running as user: DESKTOP-K6646BG\DELL
Temp directory: C:\Users\DELL\AppData\Local\Temp
Project directory: C:\Users\DELL\Documents\Ansoft
[warning] Unable to find script file C:/Opt_files/temp/patch_antenna_gen_1_pop_5.vbs.
 
Ansoft HFSS Version 14.0.0, Build: 2011-10-22 21:03:32
Location: C:\Program Files\Ansoft\HFSS14.0\Win64\hfss.exe
Non Graphical Mode: No Project??
Starting Batch Run: 4:26:44 AM  Jan 27, 2019
Running as user: DESKTOP-K6646BG\DELL
Temp directory: C:\Users\DELL\AppData\Local\Temp
Project directory: C:\Users\DELL\Documents\Ansoft
[warning] Unable to find script file C:/Opt_files/temp/patch_antenna_gen_2_pop_12.vbs.
 
Ansoft HFSS Version 14.0.0, Build: 2011-10-22 21:03:32
Location: C:\Program Files\Ansoft\HFSS14.0\Win64\hfss.exe
Non Graphical Mode: No Project??
Starting Batch Run: 4:35:10 AM  Jan 27, 2019
Running as user: DESKTOP-K6646BG\DELL
Temp directory: C:\Users\DELL\AppData\Local\Temp
Project directory: C:\Users\DELL\Documents\Ansoft
[warning] Unable to find script file C:/Opt_files/temp/patch_antenna_gen_3_pop_12.vbs.
 
Ansoft HFSS Version 14.0.0, Build: 2011-10-22 21:03:32
Location: C:\Program Files\Ansoft\HFSS14.0\Win64\hfss.exe
Non Graphical Mode: No Project??
Starting Batch Run: 4:47:05 AM  Jan 27, 2019
Running as user: DESKTOP-K6646BG\DELL
Temp directory: C:\Users\DELL\AppData\Local\Temp
Project directory: C:\Users\DELL\Documents\Ansoft
[warning] Unable to find script file C:/Opt_files/temp/patch_antenna_gen_4_pop_12.vbs.
 
Ansoft HFSS Version 14.0.0, Build: 2011-10-22 21:03:32
Location: C:\Program Files\Ansoft\HFSS14.0\Win64\hfss.exe
Non Graphical Mode: No Project??
Starting Batch Run: 5:10:48 AM  Jan 27, 2019
Running as user: DESKTOP-K6646BG\DELL
Temp directory: C:\Users\DELL\AppData\Local\Temp
Project directory: C:\Users\DELL\Documents\Ansoft
[warning] Unable to find script file C:/Opt_files/temp/patch_antenna_gen_5_pop_12.vbs.
 
Ansoft HFSS Version 14.0.0, Build: 2011-10-22 21:03:32
Location: C:\Program Files\Ansoft\HFSS14.0\Win64\hfss.exe
Non Graphical Mode: No Project??
Starting Batch Run: 5:24:06 AM  Jan 27, 2019
Running as user: DESKTOP-K6646BG\DELL
Temp directory: C:\Users\DELL\AppData\Local\Temp
Project directory: C:\Users\DELL\Documents\Ansoft
[warning] Unable to find script file C:/Opt_files/temp/patch_antenna_gen_6_pop_12.vbs.
 
Ansoft HFSS Version 14.0.0, Build: 2011-10-22 21:03:32
Location: C:\Program Files\Ansoft\HFSS14.0\Win64\hfss.exe
Non Graphical Mode: No Project??
Starting Batch Run: 5:35:17 AM  Jan 27, 2019
Running as user: DESKTOP-K6646BG\DELL
Temp directory: C:\Users\DELL\AppData\Local\Temp
Project directory: C:\Users\DELL\Documents\Ansoft
[warning] Unable to find script file C:/Opt_files/temp/patch_antenna_gen_7_pop_12.vbs.
 
Ansoft HFSS Version 14.0.0, Build: 2011-10-22 21:03:32
Location: C:\Program Files\Ansoft\HFSS14.0\Win64\hfss.exe
Non Graphical Mode: No Project??
Starting Batch Run: 5:47:24 AM  Jan 27, 2019
Running as user: DESKTOP-K6646BG\DELL
Temp directory: C:\Users\DELL\AppData\Local\Temp
Project directory: C:\Users\DELL\Documents\Ansoft
[warning] Unable to find script file C:/Opt_files/temp/patch_antenna_gen_8_pop_12.vbs.
-- Message Window --
      *Global - Messages
        [warning] The application could not resolve the IP address of this machine: remote analysis and remote distributed analysis will not work.
-- Message Window --
 
Ansoft HFSS Version 14.0.0, Build: 2011-10-22 21:03:32
Location: C:\Program Files\Ansoft\HFSS14.0\Win64\hfss.exe
Non Graphical Mode: No Project??
Starting Batch Run: 6:08:00 AM  Jan 27, 2019
Running as user: DESKTOP-K6646BG\DELL
Temp directory: C:\Users\DELL\AppData\Local\Temp
Project directory: C:\Users\DELL\Documents\Ansoft
[warning] Unable to find script file C:/Opt_files/temp/patch_antenna_gen_9_pop_12.vbs.
 
Ansoft HFSS Version 14.0.0, Build: 2011-10-22 21:03:32
Location: C:\Program Files\Ansoft\HFSS14.0\Win64\hfss.exe
Non Graphical Mode: No Project??
Starting Batch Run: 6:17:21 AM  Jan 27, 2019
Running as user: DESKTOP-K6646BG\DELL
Temp directory: C:\Users\DELL\AppData\Local\Temp
Project directory: C:\Users\DELL\Documents\Ansoft
[warning] Unable to find script file C:/Opt_files/temp/patch_antenna_gen_10_pop_12.vbs.
 
Ansoft HFSS Version 14.0.0, Build: 2011-10-22 21:03:32
Location: C:\Program Files\Ansoft\HFSS14.0\Win64\hfss.exe
Non Graphical Mode: No Project??
Starting Batch Run: 6:26:31 AM  Jan 27, 2019
Running as user: DESKTOP-K6646BG\DELL
Temp directory: C:\Users\DELL\AppData\Local\Temp
Project directory: C:\Users\DELL\Documents\Ansoft
[warning] Unable to find script file C:/Opt_files/temp/patch_antenna_gen_11_pop_12.vbs.
 
Ansoft HFSS Version 14.0.0, Build: 2011-10-22 21:03:32
Location: C:\Program Files\Ansoft\HFSS14.0\Win64\hfss.exe
Non Graphical Mode: No Project??
Starting Batch Run: 6:42:27 AM  Jan 27, 2019
Running as user: DESKTOP-K6646BG\DELL
Temp directory: C:\Users\DELL\AppData\Local\Temp
Project directory: C:\Users\DELL\Documents\Ansoft
[warning] Unable to find script file C:/Opt_files/temp/patch_antenna_gen_12_pop_12.vbs.
 
Ansoft HFSS Version 14.0.0, Build: 2011-10-22 21:03:32
Location: C:\Program Files\Ansoft\HFSS14.0\Win64\hfss.exe
Non Graphical Mode: No Project??
Starting Batch Run: 6:56:07 AM  Jan 27, 2019
Running as user: DESKTOP-K6646BG\DELL
Temp directory: C:\Users\DELL\AppData\Local\Temp
Project directory: C:\Users\DELL\Documents\Ansoft
[warning] Unable to find script file C:/Opt_files/temp/patch_antenna_gen_13_pop_12.vbs.
 
Ansoft HFSS Version 14.0.0, Build: 2011-10-22 21:03:32
Location: C:\Program Files\Ansoft\HFSS14.0\Win64\hfss.exe
Non Graphical Mode: No Project??
Starting Batch Run: 7:05:42 AM  Jan 27, 2019
Running as user: DESKTOP-K6646BG\DELL
Temp directory: C:\Users\DELL\AppData\Local\Temp
Project directory: C:\Users\DELL\Documents\Ansoft
[warning] Unable to find script file C:/Opt_files/temp/patch_antenna_gen_14_pop_12.vbs.
 
Ansoft HFSS Version 14.0.0, Build: 2011-10-22 21:03:32
Location: C:\Program Files\Ansoft\HFSS14.0\Win64\hfss.exe
Non Graphical Mode: No Project??
Starting Batch Run: 7:29:25 AM  Jan 27, 2019
Running as user: DESKTOP-K6646BG\DELL
Temp directory: C:\Users\DELL\AppData\Local\Temp
Project directory: C:\Users\DELL\Documents\Ansoft
[warning] Unable to find script file C:/Opt_files/temp/patch_antenna_gen_15_pop_12.vbs.
 
Ansoft HFSS Version 14.0.0, Build: 2011-10-22 21:03:32
Location: C:\Program Files\Ansoft\HFSS14.0\Win64\hfss.exe
Non Graphical Mode: No Project??
Starting Batch Run: 1:41:56 PM  Feb 14, 2019
Running as user: DESKTOP-K6646BG\DELL
Temp directory: C:\Users\DELL\AppData\Local\Temp
Project directory: C:\Users\DELL\Documents\Ansoft
[warning] Unable to find script file C:/Opt_files/lowlevel/temp/patch_antenna1_pop_1.vbs.
-- Message Window --
      *Global - Messages
        [warning] The application could not resolve the IP address of this machine: remote analysis and remote distributed analysis will not work.
-- Message Window --

      *Global - Messages
        [warning] The application could not resolve the IP address of this machine: remote analysis and remote distributed analysis will not work.
-- Message Window --
 
Ansoft HFSS Version 14.0.0, Build: 2011-10-22 21:03:32
Location: C:\Program Files\Ansoft\HFSS14.0\Win64\hfss.exe
Non Graphical Mode: No Project??
Starting Batch Run: 1:42:07 PM  Feb 14, 2019
Running as user: DESKTOP-K6646BG\DELL
Temp directory: C:\Users\DELL\AppData\Local\Temp
Project directory: C:\Users\DELL\Documents\Ansoft
[warning] Unable to find script file C:/Opt_files/lowlevel/temp/patch_antenna1_pop_3.vbs.
-- Message Window --
      *Global - Messages
        [warning] The application could not resolve the IP address of this machine: remote analysis and remote distributed analysis will not work.
-- Message Window --

      *Global - Messages
        [warning] The application could not resolve the IP address of this machine: remote analysis and remote distributed analysis will not work.
-- Message Window --
 
Ansoft HFSS Version 14.0.0, Build: 2011-10-22 21:03:32
Location: C:\Program Files\Ansoft\HFSS14.0\Win64\hfss.exe
Non Graphical Mode: No Project??
Starting Batch Run: 1:42:16 PM  Feb 14, 2019
Running as user: DESKTOP-K6646BG\DELL
Temp directory: C:\Users\DELL\AppData\Local\Temp
Project directory: C:\Users\DELL\Documents\Ansoft
[warning] Unable to find script file C:/Opt_files/lowlevel/temp/patch_antenna1_pop_5.vbs.
-- Message Window --
      *Global - Messages
        [warning] The application could not resolve the IP [warning] Unable to find script file C:/Opt_files/lowlevel/temp/patch_antenna1_pop_6.vbs.
-- Message Window --
      *Global - Messages
        [warning] The application could not resolve the IP address of this machine: remote analysis and remote distributed analysis will not work.
-- Message Window --
 
Ansoft HFSS Version 14.0.0, Build: 2011-10-22 21:03:32
Location: C:\Program Files\Ansoft\HFSS14.0\Win64\hfss.exe
Non Graphical Mode: No Project??
Starting Batch Run: 1:42:27 PM  Feb 14, 2019
Running as user: DESKTOP-K6646BG\DELL
Temp directory: C:\Users\DELL\AppData\Local\Temp
Project directory: C:\Users\DELL\Documents\Ansoft
[warning] Unable to find script file C:/Opt_files/lowlevel/temp/patch_antenna1_pop_7.vbs.
-- Message Window --
      *Global - Messages
        [warning] The application could not resolve the IP address of this machine: remote analysis and remote distributed analysis will not work.
-- Message Window --

      *Global - Messages
        [warning] The application could not resolve the IP address of this machine: remote analysis and remote distributed analysis will not work.
-- Message Window --
 
Ansoft HFSS Version 14.0.0, Build: 2011-10-22 21:03:32
Location: C:\Program Files\Ansoft\HFSS14.0\Win64\hfss.exe
Non Graphical Mode: No Project??
Starting Batch Run: 1:49:05 PM  Feb 14, 2019
Running as user: DESKTOP-K6646BG\DELL
Temp directory: C:\Users\DELL\AppData\Local\Temp
Project directory: C:\Users\DELL\Documents\Ansoft
[warning] Unable to find script file C:/Opt_files/lowlevel/temp/patch_antenna1_pop_2.vbs.
-- Message Window --
      *Global - Messages
        [warning] The application could not resolve the IP address of this machine: remote analysis and remote distributed analysis will not work.
-- Message Window --

      *Global - Messages
        [warning] The application could not resolve the IP address of this machine: remote analysis and remote distributed analysis will not work.
-- Message Window --
 
Ansoft HFSS Version 14.0.0, Build: 2011-10-22 21:03:32
Location: C:\Program Files\Ansoft\HFSS14.0\Win64\hfss.exe
Non Graphical Mode: No Project??
Starting Batch Run: 1:58:57 PM  Feb 14, 2019
Running as user: DESKTOP-K6646BG\DELL
Temp directory: C:\Users\DELL\AppData\Local\Temp
Project directory: C:\Users\DELL\Documents\Ansoft
[warning] Unable to find script file C:/Opt_files/lowlevel/temp/patch_antenna1_pop_1.vbs.
-- Message Window --
      *Global - Messages
        [warning] The application could not resolve the IP address of this machine: remote analysis and remote distributed analysis will not work.
-- Message Window --

      *Global - Messages
        [warning] The application could not resolve the IP address of this machine: remote analysis and remote distributed analysis will not work.
-- Message Window --
 
Ansoft HFSS Version 14.0.0, Build: 2011-10-22 21:03:32
Location: C:\Program Files\Ansoft\HFSS14.0\Win64\hfss.exe
Non Graphical Mode: No Project??
Starting Batch Run: 2:29:50 PM  Feb 14, 2019
Running as user: CRD03-PC\CRD03
Temp directory: C:\Users\CRD03\AppData\Local\Temp
Project directory: C:\Users\CRD03\Documents\Ansoft
[warning] Unable to find script file C:/Opt_files/lowlevel/temp/patch_antenna1_pop_1.vbs.
 
Ansoft HFSS Version 14.0.0, Build: 2011-10-22 21:03:32
Location: C:\Program Files\Ansoft\HFSS14.0\Win64\hfss.exe
Non Graphical Mode: No Project??
Starting Batch Run: 2:29:53 PM  Feb 14, 2019
Running as user: CRD03-PC\CRD03
Temp directory: C:\Users\CRD03\AppData\Local\Temp
Project directory: C:\Users\CRD03\Documents\Ansoft
[warning] Unable to find script file C:/Opt_files/lowlevel/temRunning as user: CRD03-PC\CRD03
Temp directory: C:\Users\CRD03\AppData\Local\Temp
Project directory: C:\Users\CRD03\Documents\Ansoft
[warning] Unable to find script file C:/Opt_files/lowlevel/temp/patch_antenna1_pop_3.vbs.
 
Ansoft HFSS Version 14.0.0, Build: 2011-10-22 21:03:32
Location: C:\Program Files\Ansoft\HFSS14.0\Win64\hfss.exe
Non Graphical Mode: No Project??
Starting Batch Run: 2:29:56 PM  Feb 14, 2019
Running as user: CRD03-PC\CRD03
Temp directory: C:\Users\CRD03\AppData\Local\Temp
Project directory: C:\Users\CRD03\Documents\Ansoft
[warning] Unable to find script file C:/Opt_files/lowlevel/temRunning as user: CRD03-PC\CRD03
Temp directory: C:\Users\CRD03\AppData\Local\Temp
Project directory: C:\Users\CRD03\Documents\Ansoft
[warning] Unable to find script file C:/Opt_files/lowlevel/temp/patch_antenna1_pop_5.vbs.
 
Ansoft HFSS Version 14.0.0, Build: 2011-10-22 21:03:32
Location: C:\Program Files\Ansoft\HFSS14.0\Win64\hfss.exe
Non Graphical Mode: No Project??
Starting Batch Run: 2:29:58 PM  Feb 14, 2019
Running as user: CRD03-PC\CRD03
Temp directory: C:\Users\CRD03\AppData\Local\Temp
Project directory: C:\Users\CRD03\Documents\Ansoft
[warning] Unable to find script file C:/Opt_files/lowlevel/temp/patch_antenna1_pop_8.vbs.
03
Temp directory: C:\Users\CRD03\AppData\Local\Temp
Project directory: C:\Users\CRD03\Documents\Ansoft
[warning] Unable to find script file C:/Opt_files/lowlevel/temp/patch_antenna1_pop_7.vbs.
 
Ansoft HFSS Version 14.0.0, Build: 2011-10-22 21:03:32
Location: C:\Program Files\Ansoft\HFSS14.0\Win64\hfss.exe
Non Graphical Mode: No Project??
Starting Batch Run: 2:30:01 PM  Feb 14, 2019
Running as user: CRD03-PC\CRD03
Temp directory: C:\Users\CRD03\AppData\Local\Temp
Project directory: C:\Users\CRD03\Documents\Ansoft
[warning] Unable to find script file C:/Opt_files/lowlevel/temp/patch_antenna1_pop_10.vbs.
3
Temp directory: C:\Users\CRD03\AppData\Local\Temp
Project directory: C:\Users\CRD03\Documents\Ansoft
[warning] Unable to find script file C:/Opt_files/lowlevel/temp/patch_antenna1_pop_9.vbs.
 
Ansoft HFSS Version 14.0.0, Build: 2011-10-22 21:03:32
Location: C:\Program Files\Ansoft\HFSS14.0\Win64\hfss.exe
Non Graphical Mode: No Project??
Starting Batch Run: 2:30:04 PM  Feb 14, 2019
Running as user: CRD03-PC\CRD03
Temp directory: C:\Users\CRD03\AppData\Local\Temp
Project directory: C:\Users\CRD03\Documents\Ansoft
[warning] Unable to find script file C:/Opt_files/lowlevel/temRunning as user: CRD03-PC\CRD03
Temp directory: C:\Users\CRD03\AppData\Local\Temp
Project directory: C:\Users\CRD03\Documents\Ansoft
[warning] Unable to find script file C:/Opt_files/lowlevel/temp/patch_antenna1_pop_12.vbs.
 
Ansoft HFSS Version 14.0.0, Build: 2011-10-22 21:03:32
Location: C:\Program Files\Ansoft\HFSS14.0\Win64\hfss.exe
Non Graphical Mode: No Project??
Starting Batch Run: 2:30:07 PM  Feb 14, 2019
Running as user: CRD03-PC\CRD03
Temp directory: C:\Users\CRD03\AppData\Local\Temp
Project directory: C:\Users\CRD03\Documents\Ansoft
[warning] Unable to find script file C:/Opt_files/lowlevel/temp/patch_antenna1_pop_13.vbs.
3
Temp directory: C:\Users\CRD03\AppData\Local\Temp
Project directory: C:\Users\CRD03\Documents\Ansoft
[warning] Unable to find script file C:/Opt_files/lowlevel/temp/patch_antenna1_pop_14.vbs.
 
Ansoft HFSS Version 14.0.0, Build: 2011-10-22 21:03:32
Location: C:\Program Files\Ansoft\HFSS14.0\Win64\hfss.exe
Non Graphical Mode: No Project??
Starting Batch Run: 2:30:11 PM  Feb 14, 2019
Running as user: CRD03-PC\CRD03
Temp directory: C:\Users\CRD03\AppData\Local\Temp
Project directory: C:\Users\CRD03\Documents\Ansoft
[warning] Unable to find script file C:/Opt_files/lowlevel/temp/patch_antenna1_pop_2.vbs.
03
Temp directory: C:\Users\CRD03\AppData\Local\Temp
Project directory: C:\Users\CRD03\Documents\Ansoft
[warning] Unable to find script file C:/Opt_files/lowlevel/temp/patch_antenna1_pop_1.vbs.
 
Ansoft HFSS Version 14.0.0, Build: 2011-10-22 21:03:32
Location: C:\Program Files\Ansoft\HFSS14.0\Win64\hfss.exe
Non Graphical Mode: No Project??
Starting Batch Run: 2:30:13 PM  Feb 14, 2019
Running as user: CRD03-PC\CRD03
Temp directory: C:\Users\CRD03\AppData\Local\Temp
Project directory: C:\Users\CRD03\Documents\Ansoft
[warning] Unable to find script file C:/Opt_files/lowlevel/temp/patch_antenna1_pop_4.vbs.
03
Temp directory: C:\Users\CRD03\AppData\Local\Temp
Project directory: C:\Users\CRD03\Documents\Ansoft
[warning] Unable to find script file C:/Opt_files/lowlevel/temp/patch_antenna1_pop_3.vbs.
 
Ansoft HFSS Version 14.0.0, Build: 2011-10-22 21:03:32
Location: C:\Program Files\Ansoft\HFSS14.0\Win64\hfss.exe
Non Graphical Mode: No Project??
Starting Batch Run: 2:30:14 PM  Feb 14, 2019
Running as user: CRD03-PC\CRD03
Temp directory: C:\Users\CRD03\AppData\Local\Temp
Project directory: C:\Users\CRD03\Documents\Ansoft
[warning] Unable to find script file C:/Opt_files/lowlevel/temp/patch_antenna1_pop_6.vbs.
t\HFSS14.0\Win64\hfss.exe
Non Graphical Mode: No Project??
Starting Batch Run: 2:30:15 PM  Feb 14, 2019
Running as user: CRD03-PC\CRD03
Temp directory: C:\Users\CRD03\AppData\Local\Temp
Project directory: C:\Users\CRD03\Documents\Ansoft
[warning] Unable to find script file C:/Opt_files/lowlevel/temp/patch_antenna1_pop_5.vbs.
 
Ansoft HFSS Version 14.0.0, Build: 2011-10-22 21:03:32
Location: C:\Program Files\Ansoft\HFSS14.0\Win64\hfss.exe
Non Graphical Mode: No Project??
Starting Batch Run: 2:30:16 PM  Feb 14, 2019
Running as user: CRD03-PC\CRD03
Temp directory: C:\Users\CRD03\AppData\Local\Temp
Project directory: C:\Users\CRD03\Documents\Ansoft
[warning] Unable to find script file C:/Opt_files/lowlevel/temp/patch_antenna1_pop_7.vbs.
03
Temp directory: C:\Users\CRD03\AppData\Local\Temp
Project directory: C:\Users\CRD03\Documents\Ansoft
[warning] Unable to find script file C:/Opt_files/lowlevel/temp/patch_antenna1_pop_8.vbs.
 
Ansoft HFSS Version 14.0.0, Build: 2011-10-22 21:03:32
Location: C:\Program Files\Ansoft\HFSS14.0\Win64\hfss.exe
Non Graphical Mode: No Project??
Starting Batch Run: 2:30:18 PM  Feb 14, 2019
Running as user: CRD03-PC\CRD03
Temp directory: C:\Users\CRD03\AppData\Local\Temp
Project directory: C:\Users\CRD03\Documents\Ansoft
[warning] Unable to find script file C:/Opt_files/lowlevel/temRunning as user: CRD03-PC\CRD03
Temp directory: C:\Users\CRD03\AppData\Local\Temp
Project directory: C:\Users\CRD03\Documents\Ansoft
[warning] Unable to find script file C:/Opt_files/lowlevel/temp/patch_antenna1_pop_10.vbs.
 
Ansoft HFSS Version 14.0.0, Build: 2011-10-22 21:03:32
Location: C:\Program Files\Ansoft\HFSS14.0\Win64\hfss.exe
Non Graphical Mode: No Project??
Starting Batch Run: 2:30:19 PM  Feb 14, 2019
Running as user: CRD03-PC\CRD03
Temp directory: C:\Users\CRD03\AppData\Local\Temp
Project directory: C:\Users\CRD03\Documents\Ansoft
[warning] Unable to find script file C:/Opt_files/lowlevel/temp/patch_antenna1_pop_12.vbs.
\HFSS14.0\Win64\hfss.exe
Non Graphical Mode: No Project??
Starting Batch Run: 2:30:19 PM  Feb 14, 2019
Running as user: CRD03-PC\CRD03
Temp directory: C:\Users\CRD03\AppData\Local\Temp
Project directory: C:\Users\CRD03\Documents\Ansoft
[warning] Unable to find script file C:/Opt_files/lowlevel/temp/patch_antenna1_pop_11.vbs.
 
Ansoft HFSS Version 14.0.0, Build: 2011-10-22 21:03:32
Location: C:\Program Files\Ansoft\HFSS14.0\Win64\hfss.exe
Non Graphical Mode: No Project??
Starting Batch Run: 2:30:21 PM  Feb 14, 2019
Running as user: CRD03-PC\CRD03
Temp directory: C:\Users\CRD03\AppData\Local\Temp
Project directory: C:\Users\CRD03\Documents\Ansoft
[warning] Unable to find script file C:/Opt_files/lowlevel/temp/patch_antenna1_pop_13.vbs.
3
Temp directory: C:\Users\CRD03\AppData\Local\Temp
Project directory: C:\Users\CRD03\Documents\Ansoft
[warning] Unable to find script file C:/Opt_files/lowlevel/temp/patch_antenna1_pop_14.vbs.
 
Ansoft HFSS Version 14.0.0, Build: 2011-10-22 21:03:32
Location: C:\Program Files\Ansoft\HFSS14.0\Win64\hfss.exe
Non Graphical Mode: No Project??
Starting Batch Run: 11:27:48 AM  Feb 17, 2019
Running as user: DESKTOP-K6646BG\DELL
Temp directory: C:\Users\DELL\AppData\Local\Temp
Project directory: C:\Users\DELL\Documents\Ansoft
[warning] Unable to find script file C:/Opt_files/lowlevel/temp/patch_antennalowlevel_gen_1_pop_0.vbs.
irectory: C:\Users\DELL\AppData\Local\Temp
Project directory: C:\Users\DELL\Documents\Ansoft
[warning] Unable to find script file C:/Opt_files/lowlevel/temp/patch_antennalowlevel_gen_1_pop_1.vbs.
 
Ansoft HFSS Version 14.0.0, Build: 2011-10-22 21:03:32
Location: C:\Program Files\Ansoft\HFSS14.0\Win64\hfss.exe
Non Graphical Mode: No Project??
Starting Batch Run: 11:27:52 AM  Feb 17, 2019
Running as user: DESKTOP-K6646BG\DELL
Temp directory: C:\Users\DELL\AppData\Local\Temp
Project directory: C:\Users\DELL\Documents\Ansoft
[warning] Unable to find script file C:/Opt_files/lowlevel/temp/patch_antennalowlevel_gen_1_pop_2.vbs.
irectory: C:\Users\DELL\AppData\Local\Temp
Project directory: C:\Users\DELL\Documents\Ansoft
[warning] Unable to find script file C:/Opt_files/lowlevel/temp/patch_antennalowlevel_gen_1_pop_3.vbs.
 
Ansoft HFSS Version 14.0.0, Build: 2011-10-22 21:03:32
Location: C:\Program Files\Ansoft\HFSS14.0\Win64\hfss.exe
Non Graphical Mode: No Project??
Starting Batch Run: 11:27:57 AM  Feb 17, 2019
Running as user: DESKTOP-K6646BG\DELL
Temp directory: C:\Users\DELL\AppData\Local\Temp
Project directory: C:\Users\DELL\Documents\Ansoft
[warning] Unable to find script file C:/Opt_files/lowlevel/temp/patch_antennalowlevel_gen_1_pop_4.vbs.
 
Ansoft HFSS Version 14.0.0, Build: 2011-10-22 21:03:32
Location: C:\Program Files\Ansoft\HFSS14.0\Win64\hfss.exe
Non Graphical Mode: No Project??
Starting Batch Run: 11:52:29 AM  Feb 17, 2019
Running as user: DESKTOP-K6646BG\DELL
Temp directory: C:\Users\DELL\AppData\Local\Temp
Project directory: C:\Users\DELL\Documents\Ansoft
[warning] Unable to find script file C:/Opt_files/lowlevel/temp/patch_antennalowlevel_gen_1_pop_0.vbs.
irectory: C:\Users\DELL\AppData\Local\Temp
Project directory: C:\Users\DELL\Documents\Ansoft
[warning] Unable to find script file C:/Opt_files/lowlevel/temp/patch_antennalowlevel_gen_1_pop_1.vbs.
 
Ansoft HFSS Version 14.0.0, Build: 2011-10-22 21:03:32
Location: C:\Program Files\Ansoft\HFSS14.0\Win64\hfss.exe
Non Graphical Mode: No Project??
Starting Batch Run: 11:52:34 AM  Feb 17, 2019
Running as user: DESKTOP-K6646BG\DELL
Temp directory: C:\Users\DELL\AppData\Local\Temp
Project directory: C:\Users\DELL\Documents\Ansoft
[warning] Unable to find script file C:/Opt_files/lowlevel/temp/patch_antennalowlevel_gen_1_pop_2.vbs.
irectory: C:\Users\DELL\AppData\Local\Temp
Project directory: C:\Users\DELL\Documents\Ansoft
[warning] Unable to find script file C:/Opt_files/lowlevel/temp/patch_antennalowlevel_gen_1_pop_3.vbs.
 
Ansoft HFSS Version 14.0.0, Build: 2011-10-22 21:03:32
Location: C:\Program Files\Ansoft\HFSS14.0\Win64\hfss.exe
Non Graphical Mode: No Project??
Starting Batch Run: 11:52:39 AM  Feb 17, 2019
Running as user: DESKTOP-K6646BG\DELL
Temp directory: C:\Users\DELL\AppData\Local\Temp
Project directory: C:\Users\DELL\Documents\Ansoft
[warning] Unable to find script file C:/Opt_files/lowlevel/temp/patch_antennalowlevel_gen_1_pop_4.vbs.
 
Ansoft HFSS Version 14.0.0, Build: 2011-10-22 21:03:32
Location: C:\Program Files\Ansoft\HFSS14.0\Win64\hfss.exe
Non Graphical Mode: No Project??
Starting Batch Run: 11:52:48 AM  Feb 17, 2019
Running as user: DESKTOP-K6646BG\DELL
Temp directory: C:\Users\DELL\AppData\Local\Temp
Project directory: C:\Users\DELL\Documents\Ansoft
[warning] Unable to find script file C:/Opt_files/lowlevel/temp/patch_antennalowlevel_gen_1_pop_0.vbs.
irectory: C:\Users\DELL\AppData\Local\Temp
Project directory: C:\Users\DELL\Documents\Ansoft
[warning] Unable to find script file C:/Opt_files/lowlevel/temp/patch_antennalowlevel_gen_1_pop_1.vbs.
 
Ansoft HFSS Version 14.0.0, Build: 2011-10-22 21:03:32
Location: C:\Program Files\Ansoft\HFSS14.0\Win64\hfss.exe
Non Graphical Mode: No Project??
Starting Batch Run: 11:52:53 AM  Feb 17, 2019
Running as user: DESKTOP-K6646BG\DELL
Temp directory: C:\Users\DELL\AppData\Local\Temp
Project directory: C:\Users\DELL\Documents\Ansoft
[warning] Unable to find script file C:/Opt_files/lowlevel/temp/patch_antennalowlevel_gen_1_pop_2.vbs.
irectory: C:\Users\DELL\AppData\Local\Temp
Project directory: C:\Users\DELL\Documents\Ansoft
[warning] Unable to find script file C:/Opt_files/lowlevel/temp/patch_antennalowlevel_gen_1_pop_3.vbs.
 
Ansoft HFSS Version 14.0.0, Build: 2011-10-22 21:03:32
Location: C:\Program Files\Ansoft\HFSS14.0\Win64\hfss.exe
Non Graphical Mode: No Project??
Starting Batch Run: 11:52:58 AM  Feb 17, 2019
Running as user: DESKTOP-K6646BG\DELL
Temp directory: C:\Users\DELL\AppData\Local\Temp
Project directory: C:\Users\DELL\Documents\Ansoft
[warning] Unable to find script file C:/Opt_files/lowlevel/temp/patch_antennalowlevel_gen_1_pop_4.vbs.
 
Ansoft HFSS Version 14.0.0, Build: 2011-10-22 21:03:32
Location: C:\Program Files\Ansoft\HFSS14.0\Win64\hfss.exe
Non Graphical Mode: No Project??
Starting Batch Run: 11:53:08 AM  Feb 17, 2019
Running as user: DESKTOP-K6646BG\DELL
Temp directory: C:\Users\DELL\AppData\Local\Temp
Project directory: C:\Users\DELL\Documents\Ansoft
[warning] Unable to find script file C:/Opt_files/lowlevel/temp/patch_antennalowlevel_gen_1_pop_0.vbs.
irectory: C:\Users\DELL\AppData\Local\Temp
Project directory: C:\Users\DELL\Documents\Ansoft
[warning] Unable to find script file C:/Opt_files/lowlevel/temp/patch_antennalowlevel_gen_1_pop_1.vbs.
 
Ansoft HFSS Version 14.0.0, Build: 2011-10-22 21:03:32
Location: C:\Program Files\Ansoft\HFSS14.0\Win64\hfss.exe
Non Graphical Mode: No Project??
Starting Batch Run: 11:53:13 AM  Feb 17, 2019
Running as user: DESKTOP-K6646BG\DELL
Temp directory: C:\Users\DELL\AppData\Local\Temp
Project directory: C:\Users\DELL\Documents\Ansoft
[warning] Unable to find script file C:/Opt_files/lowlevel/temp/patch_antennalowlevel_gen_1_pop_2.vbs.
irectory: C:\Users\DELL\AppData\Local\Temp
Project directory: C:\Users\DELL\Documents\Ansoft
[warning] Unable to find script file C:/Opt_files/lowlevel/temp/patch_antennalowlevel_gen_1_pop_3.vbs.
 
Ansoft HFSS Version 14.0.0, Build: 2011-10-22 21:03:32
Location: C:\Program Files\Ansoft\HFSS14.0\Win64\hfss.exe
Non Graphical Mode: No Project??
Starting Batch Run: 11:53:18 AM  Feb 17, 2019
Running as user: DESKTOP-K6646BG\DELL
Temp directory: C:\Users\DELL\AppData\Local\Temp
Project directory: C:\Users\DELL\Documents\Ansoft
[warning] Unable to find script file C:/Opt_files/lowlevel/temp/patch_antennalowlevel_gen_1_pop_4.vbs.
 
Ansoft HFSS Version 14.0.0, Build: 2011-10-22 21:03:32
Location: C:\Program Files\Ansoft\HFSS14.0\Win64\hfss.exe
Non Graphical Mode: No Project??
Starting Batch Run: 11:53:29 AM  Feb 17, 2019
Running as user: DESKTOP-K6646BG\DELL
Temp directory: C:\Users\DELL\AppData\Local\Temp
Project directory: C:\Users\DELL\Documents\Ansoft
[warning] Unable to find script file C:/Opt_files/lowlevel/temp/patch_antennalowlevel_gen_1_pop_0.vbs.
irectory: C:\Users\DELL\AppData\Local\Temp
Project directory: C:\Users\DELL\Documents\Ansoft
[warning] Unable to find script file C:/Opt_files/lowlevel/temp/patch_antennalowlevel_gen_1_pop_1.vbs.
 
Ansoft HFSS Version 14.0.0, Build: 2011-10-22 21:03:32
Location: C:\Program Files\Ansoft\HFSS14.0\Win64\hfss.exe
Non Graphical Mode: No Project??
Starting Batch Run: 11:53:33 AM  Feb 17, 2019
Running as user: DESKTOP-K6646BG\DELL
Temp directory: C:\Users\DELL\AppData\Local\Temp
Project directory: C:\Users\DELL\Documents\Ansoft
[warning] Unable to find script file C:/Opt_files/lowlevel/temp/patch_antennalowlevel_gen_1_pop_2.vbs.
irectory: C:\Users\DELL\AppData\Local\Temp
Project directory: C:\Users\DELL\Documents\Ansoft
[warning] Unable to find script file C:/Opt_files/lowlevel/temp/patch_antennalowlevel_gen_1_pop_3.vbs.
 
Ansoft HFSS Version 14.0.0, Build: 2011-10-22 21:03:32
Location: C:\Program Files\Ansoft\HFSS14.0\Win64\hfss.exe
Non Graphical Mode: No Project??
Starting Batch Run: 11:53:38 AM  Feb 17, 2019
Running as user: DESKTOP-K6646BG\DELL
Temp directory: C:\Users\DELL\AppData\Local\Temp
Project directory: C:\Users\DELL\Documents\Ansoft
[warning] Unable to find script file C:/Opt_files/lowlevel/temp/patch_antennalowlevel_gen_1_pop_4.vbs.
 
Ansoft HFSS Version 14.0.0, Build: 2011-10-22 21:03:32
Location: C:\Program Files\Ansoft\HFSS14.0\Win64\hfss.exe
Non Graphical Mode: No Project??
Starting Batch Run: 11:53:46 AM  Feb 17, 2019
Running as user: DESKTOP-K6646BG\DELL
Temp directory: C:\Users\DELL\AppData\Local\Temp
Project directory: C:\Users\DELL\Documents\Ansoft
[warning] Unable to find script file C:/Opt_files/lowlevel/temp/patch_antennalowlevel_gen_1_pop_0.vbs.
irectory: C:\Users\DELL\AppData\Local\Temp
Project directory: C:\Users\DELL\Documents\Ansoft
[warning] Unable to find script file C:/Opt_files/lowlevel/temp/patch_antennalowlevel_gen_1_pop_1.vbs.
 
Ansoft HFSS Version 14.0.0, Build: 2011-10-22 21:03:32
Location: C:\Program Files\Ansoft\HFSS14.0\Win64\hfss.exe
Non Graphical Mode: No Project??
Starting Batch Run: 11:53:51 AM  Feb 17, 2019
Running as user: DESKTOP-K6646BG\DELL
Temp directory: C:\Users\DELL\AppData\Local\Temp
Project directory: C:\Users\DELL\Documents\Ansoft
[warning] Unable to find script file C:/Opt_files/lowlevel/temp/patch_antennalowlevel_gen_1_pop_2.vbs.
irectory: C:\Users\DELL\AppData\Local\Temp
Project directory: C:\Users\DELL\Documents\Ansoft
[warning] Unable to find script file C:/Opt_files/lowlevel/temp/patch_antennalowlevel_gen_1_pop_3.vbs.
 
Ansoft HFSS Version 14.0.0, Build: 2011-10-22 21:03:32
Location: C:\Program Files\Ansoft\HFSS14.0\Win64\hfss.exe
Non Graphical Mode: No Project??
Starting Batch Run: 11:53:55 AM  Feb 17, 2019
Running as user: DESKTOP-K6646BG\DELL
Temp directory: C:\Users\DELL\AppData\Local\Temp
Project directory: C:\Users\DELL\Documents\Ansoft
[warning] Unable to find script file C:/Opt_files/lowlevel/temp/patch_antennalowlevel_gen_1_pop_4.vbs.
 
Ansoft HFSS Version 14.0.0, Build: 2011-10-22 21:03:32
Location: C:\Program Files\Ansoft\HFSS14.0\Win64\hfss.exe
Non Graphical Mode: No Project??
Starting Batch Run: 11:54:03 AM  Feb 17, 2019
Running as user: DESKTOP-K6646BG\DELL
Temp directory: C:\Users\DELL\AppData\Local\Temp
Project directory: C:\Users\DELL\Documents\Ansoft
[warning] Unable to find script file C:/Opt_files/lowlevel/temp/patch_antennalowlevel_gen_1_pop_0.vbs.
irectory: C:\Users\DELL\AppData\Local\Temp
Project directory: C:\Users\DELL\Documents\Ansoft
[warning] Unable to find script file C:/Opt_files/lowlevel/temp/patch_antennalowlevel_gen_1_pop_1.vbs.
 
Ansoft HFSS Version 14.0.0, Build: 2011-10-22 21:03:32
Location: C:\Program Files\Ansoft\HFSS14.0\Win64\hfss.exe
Non Graphical Mode: No Project??
Starting Batch Run: 11:54:07 AM  Feb 17, 2019
Running as user: DESKTOP-K6646BG\DELL
Temp directory: C:\Users\DELL\AppData\Local\Temp
Project directory: C:\Users\DELL\Documents\Ansoft
[warning] Unable to find script file C:/Opt_files/lowlevel/temp/patch_antennalowlevel_gen_1_pop_2.vbs.
irectory: C:\Users\DELL\AppData\Local\Temp
Project directory: C:\Users\DELL\Documents\Ansoft
[warning] Unable to find script file C:/Opt_files/lowlevel/temp/patch_antennalowlevel_gen_1_pop_3.vbs.
 
Ansoft HFSS Version 14.0.0, Build: 2011-10-22 21:03:32
Location: C:\Program Files\Ansoft\HFSS14.0\Win64\hfss.exe
Non Graphical Mode: No Project??
Starting Batch Run: 11:54:12 AM  Feb 17, 2019
Running as user: DESKTOP-K6646BG\DELL
Temp directory: C:\Users\DELL\AppData\Local\Temp
Project directory: C:\Users\DELL\Documents\Ansoft
[warning] Unable to find script file C:/Opt_files/lowlevel/temp/patch_antennalowlevel_gen_1_pop_4.vbs.
 
Ansoft HFSS Version 14.0.0, Build: 2011-10-22 21:03:32
Location: C:\Program Files\Ansoft\HFSS14.0\Win64\hfss.exe
Non Graphical Mode: No Project??
Starting Batch Run: 11:54:18 AM  Feb 17, 2019
Running as user: DESKTOP-K6646BG\DELL
Temp directory: C:\Users\DELL\AppData\Local\Temp
Project directory: C:\Users\DELL\Documents\Ansoft
[warning] Unable to find script file C:/Opt_files/lowlevel/temp/patch_antennalowlevel_gen_1_pop_0.vbs.
irectory: C:\Users\DELL\AppData\Local\Temp
Project directory: C:\Users\DELL\Documents\Ansoft
[warning] Unable to find script file C:/Opt_files/lowlevel/temp/patch_antennalowlevel_gen_1_pop_1.vbs.
 
Ansoft HFSS Version 14.0.0, Build: 2011-10-22 21:03:32
Location: C:\Program Files\Ansoft\HFSS14.0\Win64\hfss.exe
Non Graphical Mode: No Project??
Starting Batch Run: 11:54:23 AM  Feb 17, 2019
Running as user: DESKTOP-K6646BG\DELL
Temp directory: C:\Users\DELL\AppData\Local\Temp
Project directory: C:\Users\DELL\Documents\Ansoft
[warning] Unable to find script file C:/Opt_files/lowlevel/temp/patch_antennalowlevel_gen_1_pop_2.vbs.
irectory: C:\Users\DELL\AppData\Local\Temp
Project directory: C:\Users\DELL\Documents\Ansoft
[warning] Unable to find script file C:/Opt_files/lowlevel/temp/patch_antennalowlevel_gen_1_pop_3.vbs.
 
Ansoft HFSS Version 14.0.0, Build: 2011-10-22 21:03:32
Location: C:\Program Files\Ansoft\HFSS14.0\Win64\hfss.exe
Non Graphical Mode: No Project??
Starting Batch Run: 11:54:28 AM  Feb 17, 2019
Running as user: DESKTOP-K6646BG\DELL
Temp directory: C:\Users\DELL\AppData\Local\Temp
Project directory: C:\Users\DELL\Documents\Ansoft
[warning] Unable to find script file C:/Opt_files/lowlevel/temp/patch_antennalowlevel_gen_1_pop_4.vbs.
 
Ansoft HFSS Version 14.0.0, Build: 2011-10-22 21:03:32
Location: C:\Program Files\Ansoft\HFSS14.0\Win64\hfss.exe
Non Graphical Mode: No Project??
Starting Batch Run: 11:54:34 AM  Feb 17, 2019
Running as user: DESKTOP-K6646BG\DELL
Temp directory: C:\Users\DELL\AppData\Local\Temp
Project directory: C:\Users\DELL\Documents\Ansoft
[warning] Unable to find script file C:/Opt_files/lowlevel/temp/patch_antennalowlevel_gen_1_pop_0.vbs.
irectory: C:\Users\DELL\AppData\Local\Temp
Project directory: C:\Users\DELL\Documents\Ansoft
[warning] Unable to find script file C:/Opt_files/lowlevel/temp/patch_antennalowlevel_gen_1_pop_1.vbs.
 
Ansoft HFSS Version 14.0.0, Build: 2011-10-22 21:03:32
Location: C:\Program Files\Ansoft\HFSS14.0\Win64\hfss.exe
Non Graphical Mode: No Project??
Starting Batch Run: 11:54:39 AM  Feb 17, 2019
Running as user: DESKTOP-K6646BG\DELL
Temp directory: C:\Users\DELL\AppData\Local\Temp
Project directory: C:\Users\DELL\Documents\Ansoft
[warning] Unable to find script file C:/Opt_files/lowlevel/temp/patch_antennalowlevel_gen_1_pop_2.vbs.
irectory: C:\Users\DELL\AppData\Local\Temp
Project directory: C:\Users\DELL\Documents\Ansoft
[warning] Unable to find script file C:/Opt_files/lowlevel/temp/patch_antennalowlevel_gen_1_pop_3.vbs.
 
Ansoft HFSS Version 14.0.0, Build: 2011-10-22 21:03:32
Location: C:\Program Files\Ansoft\HFSS14.0\Win64\hfss.exe
Non Graphical Mode: No Project??
Starting Batch Run: 11:54:44 AM  Feb 17, 2019
Running as user: DESKTOP-K6646BG\DELL
Temp directory: C:\Users\DELL\AppData\Local\Temp
Project directory: C:\Users\DELL\Documents\Ansoft
[warning] Unable to find script file C:/Opt_files/lowlevel/temp/patch_antennalowlevel_gen_1_pop_4.vbs.
 
Ansoft HFSS Version 14.0.0, Build: 2011-10-22 21:03:32
Location: C:\Program Files\Ansoft\HFSS14.0\Win64\hfss.exe
Non Graphical Mode: No Project??
Starting Batch Run: 11:54:50 AM  Feb 17, 2019
Running as user: DESKTOP-K6646BG\DELL
Temp directory: C:\Users\DELL\AppData\Local\Temp
Project directory: C:\Users\DELL\Documents\Ansoft
[warning] Unable to find script file C:/Opt_files/lowlevel/temp/patch_antennalowlevel_gen_1_pop_0.vbs.
irectory: C:\Users\DELL\AppData\Local\Temp
Project directory: C:\Users\DELL\Documents\Ansoft
[warning] Unable to find script file C:/Opt_files/lowlevel/temp/patch_antennalowlevel_gen_1_pop_1.vbs.
 
Ansoft HFSS Version 14.0.0, Build: 2011-10-22 21:03:32
Location: C:\Program Files\Ansoft\HFSS14.0\Win64\hfss.exe
Non Graphical Mode: No Project??
Starting Batch Run: 11:54:55 AM  Feb 17, 2019
Running as user: DESKTOP-K6646BG\DELL
Temp directory: C:\Users\DELL\AppData\Local\Temp
Project directory: C:\Users\DELL\Documents\Ansoft
[warning] Unable to find script file C:/Opt_files/lowlevel/temp/patch_antennalowlevel_gen_1_pop_2.vbs.
irectory: C:\Users\DELL\AppData\Local\Temp
Project directory: C:\Users\DELL\Documents\Ansoft
[warning] Unable to find script file C:/Opt_files/lowlevel/temp/patch_antennalowlevel_gen_1_pop_3.vbs.
 
Ansoft HFSS Version 14.0.0, Build: 2011-10-22 21:03:32
Location: C:\Program Files\Ansoft\HFSS14.0\Win64\hfss.exe
Non Graphical Mode: No Project??
Starting Batch Run: 11:55:00 AM  Feb 17, 2019
Running as user: DESKTOP-K6646BG\DELL
Temp directory: C:\Users\DELL\AppData\Local\Temp
Project directory: C:\Users\DELL\Documents\Ansoft
[warning] Unable to find script file C:/Opt_files/lowlevel/temp/patch_antennalowlevel_gen_1_pop_4.vbs.
 
Ansoft HFSS Version 14.0.0, Build: 2011-10-22 21:03:32
Location: C:\Program Files\Ansoft\HFSS14.0\Win64\hfss.exe
Non Graphical Mode: No Project??
Starting Batch Run: 11:55:08 AM  Feb 17, 2019
Running as user: DESKTOP-K6646BG\DELL
Temp directory: C:\Users\DELL\AppData\Local\Temp
Project directory: C:\Users\DELL\Documents\Ansoft
[warning] Unable to find script file C:/Opt_files/lowlevel/temp/patch_antennalowlevel_gen_1_pop_0.vbs.
irectory: C:\Users\DELL\AppData\Local\Temp
Project directory: C:\Users\DELL\Documents\Ansoft
[warning] Unable to find script file C:/Opt_files/lowlevel/temp/patch_antennalowlevel_gen_1_pop_1.vbs.
 
Ansoft HFSS Version 14.0.0, Build: 2011-10-22 21:03:32
Location: C:\Program Files\Ansoft\HFSS14.0\Win64\hfss.exe
Non Graphical Mode: No Project??
Starting Batch Run: 11:55:13 AM  Feb 17, 2019
Running as user: DESKTOP-K6646BG\DELL
Temp directory: C:\Users\DELL\AppData\Local\Temp
Project directory: C:\Users\DELL\Documents\Ansoft
[warning] Unable to find script file C:/Opt_files/lowlevel/temp/patch_antennalowlevel_gen_1_pop_2.vbs.
irectory: C:\Users\DELL\AppData\Local\Temp
Project directory: C:\Users\DELL\Documents\Ansoft
[warning] Unable to find script file C:/Opt_files/lowlevel/temp/patch_antennalowlevel_gen_1_pop_3.vbs.
 
Ansoft HFSS Version 14.0.0, Build: 2011-10-22 21:03:32
Location: C:\Program Files\Ansoft\HFSS14.0\Win64\hfss.exe
Non Graphical Mode: No Project??
Starting Batch Run: 11:55:19 AM  Feb 17, 2019
Running as user: DESKTOP-K6646BG\DELL
Temp directory: C:\Users\DELL\AppData\Local\Temp
Project directory: C:\Users\DELL\Documents\Ansoft
[warning] Unable to find script file C:/Opt_files/lowlevel/temp/patch_antennalowlevel_gen_1_pop_4.vbs.
 
Ansoft HFSS Version 14.0.0, Build: 2011-10-22 21:03:32
Location: C:\Program Files\Ansoft\HFSS14.0\Win64\hfss.exe
Non Graphical Mode: No Project??
Starting Batch Run: 11:55:30 AM  Feb 17, 2019
Running as user: DESKTOP-K6646BG\DELL
Temp directory: C:\Users\DELL\AppData\Local\Temp
Project directory: C:\Users\DELL\Documents\Ansoft
[warning] Unable to find script file C:/Opt_files/lowlevel/temp/patch_antennalowlevel_gen_1_pop_0.vbs.
irectory: C:\Users\DELL\AppData\Local\Temp
Project directory: C:\Users\DELL\Documents\Ansoft
[warning] Unable to find script file C:/Opt_files/lowlevel/temp/patch_antennalowlevel_gen_1_pop_1.vbs.
 
Ansoft HFSS Version 14.0.0, Build: 2011-10-22 21:03:32
Location: C:\Program Files\Ansoft\HFSS14.0\Win64\hfss.exe
Non Graphical Mode: No Project??
Starting Batch Run: 11:55:35 AM  Feb 17, 2019
Running as user: DESKTOP-K6646BG\DELL
Temp directory: C:\Users\DELL\AppData\Local\Temp
Project directory: C:\Users\DELL\Documents\Ansoft
[warning] Unable to find script file C:/Opt_files/lowlevel/temp/patch_antennalowlevel_gen_1_pop_2.vbs.
irectory: C:\Users\DELL\AppData\Local\Temp
Project directory: C:\Users\DELL\Documents\Ansoft
[warning] Unable to find script file C:/Opt_files/lowlevel/temp/patch_antennalowlevel_gen_1_pop_3.vbs.
 
Ansoft HFSS Version 14.0.0, Build: 2011-10-22 21:03:32
Location: C:\Program Files\Ansoft\HFSS14.0\Win64\hfss.exe
Non Graphical Mode: No Project??
Starting Batch Run: 11:55:40 AM  Feb 17, 2019
Running as user: DESKTOP-K6646BG\DELL
Temp directory: C:\Users\DELL\AppData\Local\Temp
Project directory: C:\Users\DELL\Documents\Ansoft
[warning] Unable to find script file C:/Opt_files/lowlevel/temp/patch_antennalowlevel_gen_1_pop_4.vbs.
 
Ansoft HFSS Version 14.0.0, Build: 2011-10-22 21:03:32
Location: C:\Program Files\Ansoft\HFSS14.0\Win64\hfss.exe
Non Graphical Mode: No Project??
Starting Batch Run: 11:55:50 AM  Feb 17, 2019
Running as user: DESKTOP-K6646BG\DELL
Temp directory: C:\Users\DELL\AppData\Local\Temp
Project directory: C:\Users\DELL\Documents\Ansoft
[warning] Unable to find script file C:/Opt_files/lowlevel/temp/patch_antennalowlevel_gen_1_pop_0.vbs.
irectory: C:\Users\DELL\AppData\Local\Temp
Project directory: C:\Users\DELL\Documents\Ansoft
[warning] Unable to find script file C:/Opt_files/lowlevel/temp/patch_antennalowlevel_gen_1_pop_1.vbs.
 
Ansoft HFSS Version 14.0.0, Build: 2011-10-22 21:03:32
Location: C:\Program Files\Ansoft\HFSS14.0\Win64\hfss.exe
Non Graphical Mode: No Project??
Starting Batch Run: 11:55:56 AM  Feb 17, 2019
Running as user: DESKTOP-K6646BG\DELL
Temp directory: C:\Users\DELL\AppData\Local\Temp
Project directory: C:\Users\DELL\Documents\Ansoft
[warning] Unable to find script file C:/Opt_files/lowlevel/temp/patch_antennalowlevel_gen_1_pop_2.vbs.
irectory: C:\Users\DELL\AppData\Local\Temp
Project directory: C:\Users\DELL\Documents\Ansoft
[warning] Unable to find script file C:/Opt_files/lowlevel/temp/patch_antennalowlevel_gen_1_pop_3.vbs.
 
Ansoft HFSS Version 14.0.0, Build: 2011-10-22 21:03:32
Location: C:\Program Files\Ansoft\HFSS14.0\Win64\hfss.exe
Non Graphical Mode: No Project??
Starting Batch Run: 11:56:02 AM  Feb 17, 2019
Running as user: DESKTOP-K6646BG\DELL
Temp directory: C:\Users\DELL\AppData\Local\Temp
Project directory: C:\Users\DELL\Documents\Ansoft
[warning] Unable to find script file C:/Opt_files/lowlevel/temp/patch_antennalowlevel_gen_1_pop_4.vbs.
 
Ansoft HFSS Version 14.0.0, Build: 2011-10-22 21:03:32
Location: C:\Program Files\Ansoft\HFSS14.0\Win64\hfss.exe
Non Graphical Mode: No Project??
Starting Batch Run: 11:56:12 AM  Feb 17, 2019
Running as user: DESKTOP-K6646BG\DELL
Temp directory: C:\Users\DELL\AppData\Local\Temp
Project directory: C:\Users\DELL\Documents\Ansoft
[warning] Unable to find script file C:/Opt_files/lowlevel/temp/patch_antennalowlevel_gen_1_pop_0.vbs.
irectory: C:\Users\DELL\AppData\Local\Temp
Project directory: C:\Users\DELL\Documents\Ansoft
[warning] Unable to find script file C:/Opt_files/lowlevel/temp/patch_antennalowlevel_gen_1_pop_1.vbs.
 
Ansoft HFSS Version 14.0.0, Build: 2011-10-22 21:03:32
Location: C:\Program Files\Ansoft\HFSS14.0\Win64\hfss.exe
Non Graphical Mode: No Project??
Starting Batch Run: 11:56:17 AM  Feb 17, 2019
Running as user: DESKTOP-K6646BG\DELL
Temp directory: C:\Users\DELL\AppData\Local\Temp
Project directory: C:\Users\DELL\Documents\Ansoft
[warning] Unable to find script file C:/Opt_files/lowlevel/temp/patch_antennalowlevel_gen_1_pop_2.vbs.
irectory: C:\Users\DELL\AppData\Local\Temp
Project directory: C:\Users\DELL\Documents\Ansoft
[warning] Unable to find script file C:/Opt_files/lowlevel/temp/patch_antennalowlevel_gen_1_pop_3.vbs.
 
Ansoft HFSS Version 14.0.0, Build: 2011-10-22 21:03:32
Location: C:\Program Files\Ansoft\HFSS14.0\Win64\hfss.exe
Non Graphical Mode: No Project??
Starting Batch Run: 11:56:22 AM  Feb 17, 2019
Running as user: DESKTOP-K6646BG\DELL
Temp directory: C:\Users\DELL\AppData\Local\Temp
Project directory: C:\Users\DELL\Documents\Ansoft
[warning] Unable to find script file C:/Opt_files/lowlevel/temp/patch_antennalowlevel_gen_1_pop_4.vbs.
 
Ansoft HFSS Version 14.0.0, Build: 2011-10-22 21:03:32
Location: C:\Program Files\Ansoft\HFSS14.0\Win64\hfss.exe
Non Graphical Mode: No Project??
Starting Batch Run: 11:56:33 AM  Feb 17, 2019
Running as user: DESKTOP-K6646BG\DELL
Temp directory: C:\Users\DELL\AppData\Local\Temp
Project directory: C:\Users\DELL\Documents\Ansoft
[warning] Unable to find script file C:/Opt_files/lowlevel/temp/patch_antennalowlevel_gen_1_pop_0.vbs.
irectory: C:\Users\DELL\AppData\Local\Temp
Project directory: C:\Users\DELL\Documents\Ansoft
[warning] Unable to find script file C:/Opt_files/lowlevel/temp/patch_antennalowlevel_gen_1_pop_1.vbs.
 
Ansoft HFSS Version 14.0.0, Build: 2011-10-22 21:03:32
Location: C:\Program Files\Ansoft\HFSS14.0\Win64\hfss.exe
Non Graphical Mode: No Project??
Starting Batch Run: 11:56:37 AM  Feb 17, 2019
Running as user: DESKTOP-K6646BG\DELL
Temp directory: C:\Users\DELL\AppData\Local\Temp
Project directory: C:\Users\DELL\Documents\Ansoft
[warning] Unable to find script file C:/Opt_files/lowlevel/temp/patch_antennalowlevel_gen_1_pop_2.vbs.
irectory: C:\Users\DELL\AppData\Local\Temp
Project directory: C:\Users\DELL\Documents\Ansoft
[warning] Unable to find script file C:/Opt_files/lowlevel/temp/patch_antennalowlevel_gen_1_pop_3.vbs.
 
Ansoft HFSS Version 14.0.0, Build: 2011-10-22 21:03:32
Location: C:\Program Files\Ansoft\HFSS14.0\Win64\hfss.exe
Non Graphical Mode: No Project??
Starting Batch Run: 11:56:42 AM  Feb 17, 2019
Running as user: DESKTOP-K6646BG\DELL
Temp directory: C:\Users\DELL\AppData\Local\Temp
Project directory: C:\Users\DELL\Documents\Ansoft
[warning] Unable to find script file C:/Opt_files/lowlevel/temp/patch_antennalowlevel_gen_1_pop_4.vbs.
 
Ansoft HFSS Version 14.0.0, Build: 2011-10-22 21:03:32
Location: C:\Program Files\Ansoft\HFSS14.0\Win64\hfss.exe
Non Graphical Mode: No Project??
Starting Batch Run: 11:56:50 AM  Feb 17, 2019
Running as user: DESKTOP-K6646BG\DELL
Temp directory: C:\Users\DELL\AppData\Local\Temp
Project directory: C:\Users\DELL\Documents\Ansoft
[warning] Unable to find script file C:/Opt_files/lowlevel/temp/patch_antennalowlevel_gen_1_pop_0.vbs.
irectory: C:\Users\DELL\AppData\Local\Temp
Project directory: C:\Users\DELL\Documents\Ansoft
[warning] Unable to find script file C:/Opt_files/lowlevel/temp/patch_antennalowlevel_gen_1_pop_1.vbs.
 
Ansoft HFSS Version 14.0.0, Build: 2011-10-22 21:03:32
Location: C:\Program Files\Ansoft\HFSS14.0\Win64\hfss.exe
Non Graphical Mode: No Project??
Starting Batch Run: 11:56:55 AM  Feb 17, 2019
Running as user: DESKTOP-K6646BG\DELL
Temp directory: C:\Users\DELL\AppData\Local\Temp
Project directory: C:\Users\DELL\Documents\Ansoft
[warning] Unable to find script file C:/Opt_files/lowlevel/temp/patch_antennalowlevel_gen_1_pop_2.vbs.
irectory: C:\Users\DELL\AppData\Local\Temp
Project directory: C:\Users\DELL\Documents\Ansoft
[warning] Unable to find script file C:/Opt_files/lowlevel/temp/patch_antennalowlevel_gen_1_pop_3.vbs.
 
Ansoft HFSS Version 14.0.0, Build: 2011-10-22 21:03:32
Location: C:\Program Files\Ansoft\HFSS14.0\Win64\hfss.exe
Non Graphical Mode: No Project??
Starting Batch Run: 11:57:00 AM  Feb 17, 2019
Running as user: DESKTOP-K6646BG\DELL
Temp directory: C:\Users\DELL\AppData\Local\Temp
Project directory: C:\Users\DELL\Documents\Ansoft
[warning] Unable to find script file C:/Opt_files/lowlevel/temp/patch_antennalowlevel_gen_1_pop_4.vbs.
 
Ansoft HFSS Version 14.0.0, Build: 2011-10-22 21:03:32
Location: C:\Program Files\Ansoft\HFSS14.0\Win64\hfss.exe
Non Graphical Mode: No Project??
Starting Batch Run: 11:57:10 AM  Feb 17, 2019
Running as user: DESKTOP-K6646BG\DELL
Temp directory: C:\Users\DELL\AppData\Local\Temp
Project directory: C:\Users\DELL\Documents\Ansoft
[warning] Unable to find script file C:/Opt_files/lowlevel/temp/patch_antennalowlevel_gen_1_pop_0.vbs.
irectory: C:\Users\DELL\AppData\Local\Temp
Project directory: C:\Users\DELL\Documents\Ansoft
[warning] Unable to find script file C:/Opt_files/lowlevel/temp/patch_antennalowlevel_gen_1_pop_1.vbs.
 
Ansoft HFSS Version 14.0.0, Build: 2011-10-22 21:03:32
Location: C:\Program Files\Ansoft\HFSS14.0\Win64\hfss.exe
Non Graphical Mode: No Project??
Starting Batch Run: 11:57:14 AM  Feb 17, 2019
Running as user: DESKTOP-K6646BG\DELL
Temp directory: C:\Users\DELL\AppData\Local\Temp
Project directory: C:\Users\DELL\Documents\Ansoft
[warning] Unable to find script file C:/Opt_files/lowlevel/temp/patch_antennalowlevel_gen_1_pop_2.vbs.
irectory: C:\Users\DELL\AppData\Local\Temp
Project directory: C:\Users\DELL\Documents\Ansoft
[warning] Unable to find script file C:/Opt_files/lowlevel/temp/patch_antennalowlevel_gen_1_pop_3.vbs.
 
Ansoft HFSS Version 14.0.0, Build: 2011-10-22 21:03:32
Location: C:\Program Files\Ansoft\HFSS14.0\Win64\hfss.exe
Non Graphical Mode: No Project??
Starting Batch Run: 11:57:19 AM  Feb 17, 2019
Running as user: DESKTOP-K6646BG\DELL
Temp directory: C:\Users\DELL\AppData\Local\Temp
Project directory: C:\Users\DELL\Documents\Ansoft
[warning] Unable to find script file C:/Opt_files/lowlevel/temp/patch_antennalowlevel_gen_1_pop_4.vbs.
 
Ansoft HFSS Version 14.0.0, Build: 2011-10-22 21:03:32
Location: C:\Program Files\Ansoft\HFSS14.0\Win64\hfss.exe
Non Graphical Mode: No Project??
Starting Batch Run: 11:57:27 AM  Feb 17, 2019
Running as user: DESKTOP-K6646BG\DELL
Temp directory: C:\Users\DELL\AppData\Local\Temp
Project directory: C:\Users\DELL\Documents\Ansoft
[warning] Unable to find script file C:/Opt_files/lowlevel/temp/patch_antennalowlevel_gen_1_pop_1.vbs.
irectory: C:\Users\DELL\AppData\Local\Temp
Project directory: C:\Users\DELL\Documents\Ansoft
[warning] Unable to find script file C:/Opt_files/lowlevel/temp/patch_antennalowlevel_gen_1_pop_0.vbs.
 
Ansoft HFSS Version 14.0.0, Build: 2011-10-22 21:03:32
Location: C:\Program Files\Ansoft\HFSS14.0\Win64\hfss.exe
Non Graphical Mode: No Project??
Starting Batch Run: 11:57:32 AM  Feb 17, 2019
Running as user: DESKTOP-K6646BG\DELL
Temp directory: C:\Users\DELL\AppData\Local\Temp
Project directory: C:\Users\DELL\Documents\Ansoft
[warning] Unable to find script file C:/Opt_files/lowlevel/temp/patch_antennalowlevel_gen_1_pop_2.vbs.
irectory: C:\Users\DELL\AppData\Local\Temp
Project directory: C:\Users\DELL\Documents\Ansoft
[warning] Unable to find script file C:/Opt_files/lowlevel/temp/patch_antennalowlevel_gen_1_pop_3.vbs.
 
Ansoft HFSS Version 14.0.0, Build: 2011-10-22 21:03:32
Location: C:\Program Files\Ansoft\HFSS14.0\Win64\hfss.exe
Non Graphical Mode: No Project??
Starting Batch Run: 11:57:36 AM  Feb 17, 2019
Running as user: DESKTOP-K6646BG\DELL
Temp directory: C:\Users\DELL\AppData\Local\Temp
Project directory: C:\Users\DELL\Documents\Ansoft
[warning] Unable to find script file C:/Opt_files/lowlevel/temp/patch_antennalowlevel_gen_1_pop_4.vbs.
 
Ansoft HFSS Version 14.0.0, Build: 2011-10-22 21:03:32
Location: C:\Program Files\Ansoft\HFSS14.0\Win64\hfss.exe
Non Graphical Mode: No Project??
Starting Batch Run: 11:57:44 AM  Feb 17, 2019
Running as user: DESKTOP-K6646BG\DELL
Temp directory: C:\Users\DELL\AppData\Local\Temp
Project directory: C:\Users\DELL\Documents\Ansoft
[warning] Unable to find script file C:/Opt_files/lowlevel/temp/patch_antennalowlevel_gen_1_pop_1.vbs.
 
Ansoft HFSS Version 14.0.0, Build: 2011-10-22 21:03:32
Location: C:\Program Files\Ansoft\HFSS14.0\Win64\hfss.exe
Non Graphical Mode: No Project??
Starting Batch Run: 11:57:49 AM  Feb 17, 2019
Running as user: DESKTOP-K6646BG\DELL
Temp directory: C:\Users\DELL\AppData\Local\Temp
Project directory: C:\Users\DELL\Documents\Ansoft
[warning] Unable to find script file C:/Opt_files/lowlevel/temp/patch_antennalowlevel_gen_1_pop_2.vbs.
irectory: C:\Users\DELL\AppData\Local\Temp
Project directory: C:\Users\DELL\Documents\Ansoft
[warning] Unable to find script file C:/Opt_files/lowlevel/temp/patch_antennalowlevel_gen_1_pop_3.vbs.
 
Ansoft HFSS Version 14.0.0, Build: 2011-10-22 21:03:32
Location: C:\Program Files\Ansoft\HFSS14.0\Win64\hfss.exe
Non Graphical Mode: No Project??
Starting Batch Run: 11:57:53 AM  Feb 17, 2019
Running as user: DESKTOP-K6646BG\DELL
Temp directory: C:\Users\DELL\AppData\Local\Temp
Project directory: C:\Users\DELL\Documents\Ansoft
[warning] Unable to find script file C:/Opt_files/lowlevel/temp/patch_antennalowlevel_gen_1_pop_4.vbs.
 
Ansoft HFSS Version 14.0.0, Build: 2011-10-22 21:03:32
Location: C:\Program Files\Ansoft\HFSS14.0\Win64\hfss.exe
Non Graphical Mode: No Project??
Starting Batch Run: 11:58:02 AM  Feb 17, 2019
Running as user: DESKTOP-K6646BG\DELL
Temp directory: C:\Users\DELL\AppData\Local\Temp
Project directory: C:\Users\DELL\Documents\Ansoft
[warning] Unable to find script file C:/Opt_files/lowlevel/temp/patch_antennalowlevel_gen_1_pop_0.vbs.
irectory: C:\Users\DELL\AppData\Local\Temp
Project directory: C:\Users\DELL\Documents\Ansoft
[warning] Unable to find script file C:/Opt_files/lowlevel/temp/patch_antennalowlevel_gen_1_pop_1.vbs.
 
Ansoft HFSS Version 14.0.0, Build: 2011-10-22 21:03:32
Location: C:\Program Files\Ansoft\HFSS14.0\Win64\hfss.exe
Non Graphical Mode: No Project??
Starting Batch Run: 11:58:08 AM  Feb 17, 2019
Running as user: DESKTOP-K6646BG\DELL
Temp directory: C:\Users\DELL\AppData\Local\Temp
Project directory: C:\Users\DELL\Documents\Ansoft
[warning] Unable to find script file C:/Opt_files/lowlevel/temp/patch_antennalowlevel_gen_1_pop_2.vbs.
irectory: C:\Users\DELL\AppData\Local\Temp
Project directory: C:\Users\DELL\Documents\Ansoft
[warning] Unable to find script file C:/Opt_files/lowlevel/temp/patch_antennalowlevel_gen_1_pop_3.vbs.
 
Ansoft HFSS Version 14.0.0, Build: 2011-10-22 21:03:32
Location: C:\Program Files\Ansoft\HFSS14.0\Win64\hfss.exe
Non Graphical Mode: No Project??
Starting Batch Run: 11:58:13 AM  Feb 17, 2019
Running as user: DESKTOP-K6646BG\DELL
Temp directory: C:\Users\DELL\AppData\Local\Temp
Project directory: C:\Users\DELL\Documents\Ansoft
[warning] Unable to find script file C:/Opt_files/lowlevel/temp/patch_antennalowlevel_gen_1_pop_4.vbs.
 
Ansoft HFSS Version 13.0.0, Build: 2010-10-25 04:49:02
Location: C:\Program Files (x86)\Ansoft\HFSS13.0\hfss.exe
Non Graphical Mode: No Project??
Starting Batch Run: 12:56:22 CH  Thg3 26, 2019
Running as user: CRD-PC\CRD
Temp directory: C:\Users\CRD\AppData\Local\Temp
Project directory: C:\Users\CRD\Documents\Ansoft
[warning] Unable to find script file C:/Opt_files/GP2019_03_26_12h56m14s/temp/MPA_gen_1_pop_1.vbs.
 
Ansoft HFSS Version 13.0.0, Build: 2010-10-25 04:49:02
Location: C:\Program Files (x86)\Ansoft\HFSS13.0\hfss.exe
Non Graphical Mode: No Project??
Starting Batch Run: 12:58:13 CH  Thg3 26, 2019
Running as user: CRD-PC\CRD
Temp directory: C:\Users\CRD\AppData\Local\Temp
Project directory: C:\Users\CRD\Documents\Ansoft
[warning] Unable to find script file C:/Opt_files/GP2019_03_26_12h56m14sRunning as user: CRD-PC\CRD
Temp directory: C:\Users\CRD\AppData\Local\Temp
Project directory: C:\Users\CRD\Documents\Ansoft
[warning] Unable to find script file C:/Opt_files/GP2019_03_26_12h56m14s/temp/MPA_gen_1_pop_2.vbs.
 
Ansoft HFSS Version 13.0.0, Build: 2010-10-25 04:49:02
Location: C:\Program Files (x86)\Ansoft\HFSS13.0\hfss.exe
Non Graphical Mode: No Project??
Starting Batch Run: 12:58:16 CH  Thg3 26, 2019
Running as user: CRD-PC\CRD
Temp directory: C:\Users\CRD\AppData\Local\Temp
Project directory: C:\Users\CRD\Documents\Ansoft
[warning] Unable to find script file C:/Opt_files/GP2019_03_26_12h56m14sRunning as user: CRD-PC\CRD
Temp directory: C:\Users\CRD\AppData\Local\Temp
Project directory: C:\Users\CRD\Documents\Ansoft
[warning] Unable to find script file C:/Opt_files/GP2019_03_26_12h56m14s/temp/MPA_gen_1_pop_5.vbs.
 
Ansoft HFSS Version 13.0.0, Build: 2010-10-25 04:49:02
Location: C:\Program Files (x86)\Ansoft\HFSS13.0\hfss.exe
Non Graphical Mode: No Project??
Starting Batch Run: 12:58:19 CH  Thg3 26, 2019
Running as user: CRD-PC\CRD
Temp directory: C:\Users\CRD\AppData\Local\Temp
Project directory: C:\Users\CRD\Documents\Ansoft
[warning] Unable to find script file C:/Opt_files/GP2019_03_26_12h56m14s/temp/MPA_gen_1_pop_7.vbs.

Temp directory: C:\Users\CRD\AppData\Local\Temp
Project directory: C:\Users\CRD\Documents\Ansoft
[warning] Unable to find script file C:/Opt_files/GP2019_03_26_12h56m14s/temp/MPA_gen_1_pop_6.vbs.
 
Ansoft HFSS Version 13.0.0, Build: 2010-10-25 04:49:02
Location: C:\Program Files (x86)\Ansoft\HFSS13.0\hfss.exe
Non Graphical Mode: No Project??
Starting Batch Run: 12:58:21 CH  Thg3 26, 2019
Running as user: CRD-PC\CRD
Temp directory: C:\Users\CRD\AppData\Local\Temp
Project directory: C:\Users\CRD\Documents\Ansoft
[warning] Unable to find script file C:/Opt_files/GP2019_03_26_12h56m14sRunning as user: CRD-PC\CRD
Temp directory: C:\Users\CRD\AppData\Local\Temp
Project directory: C:\Users\CRD\Documents\Ansoft
[warning] Unable to find script file C:/Opt_files/GP2019_03_26_12h56m14s/temp/MPA_gen_1_pop_8.vbs.
 
Ansoft HFSS Version 13.0.0, Build: 2010-10-25 04:49:02
Location: C:\Program Files (x86)\Ansoft\HFSS13.0\hfss.exe
Non Graphical Mode: No Project??
Starting Batch Run: 12:58:25 CH  Thg3 26, 2019
Running as user: CRD-PC\CRD
Temp directory: C:\Users\CRD\AppData\Local\Temp
Project directory: C:\Users\CRD\Documents\Ansoft
[warning] Unable to find script file C:/Opt_files/GP2019_03_26_12h56m14s/temp/MPA_gen_1_pop_9.vbs.
 
Ansoft HFSS Version 13.0.0, Build: 2010-10-25 04:49:02
Location: C:\Program Files (x86)\Ansoft\HFSS13.0\hfss.exe
Non Graphical Mode: No Project??
Starting Batch Run: 1:07:34 CH  Thg3 26, 2019
Running as user: CRD-PC\CRD
Temp directory: C:\Users\CRD\AppData\Local\Temp
Project directory: C:\Users\CRD\Documents\Ansoft
[warning] Unable to find script file C:/Opt_files/GP2019_03_26_13h07m27s/temp/MPA_gen_1_pop_1.vbs.
 
Ansoft HFSS Version 13.0.0, Build: 2010-10-25 04:49:02
Location: C:\Program Files (x86)\Ansoft\HFSS13.0\hfss.exe
Non Graphical Mode: No Project??
Starting Batch Run: 1:09:35 CH  Thg3 26, 2019
Running as user: CRD-PC\CRD
Temp directory: C:\Users\CRD\AppData\Local\Temp
Project directory: C:\Users\CRD\Documents\Ansoft
[warning] Unable to find script file C:/Opt_files/GP2019_03_26_13h07m27Running as user: CRD-PC\CRD
Temp directory: C:\Users\CRD\AppData\Local\Temp
Project directory: C:\Users\CRD\Documents\Ansoft
[warning] Unable to find script file C:/Opt_files/GP2019_03_26_13h07m27s/temp/MPA_gen_1_pop_2.vbs.
 
Ansoft HFSS Version 13.0.0, Build: 2010-10-25 04:49:02
Location: C:\Program Files (x86)\Ansoft\HFSS13.0\hfss.exe
Non Graphical Mode: No Project??
Starting Batch Run: 1:09:38 CH  Thg3 26, 2019
Running as user: CRD-PC\CRD
Temp directory: C:\Users\CRD\AppData\Local\Temp
Project directory: C:\Users\CRD\Documents\Ansoft
[warning] Unable to find script file C:/Opt_files/GP2019_03_26_13h07m27s/temp/MPA_gen_1_pop_5.vbs.
Temp directory: C:\Users\CRD\AppData\Local\Temp
Project directory: C:\Users\CRD\Documents\Ansoft
[warning] Unable to find script file C:/Opt_files/GP2019_03_26_13h07m27s/temp/MPA_gen_1_pop_4.vbs.
 
Ansoft HFSS Version 13.0.0, Build: 2010-10-25 04:49:02
Location: C:\Program Files (x86)\Ansoft\HFSS13.0\hfss.exe
Non Graphical Mode: No Project??
Starting Batch Run: 1:09:41 CH  Thg3 26, 2019
Running as user: CRD-PC\CRD
Temp directory: C:\Users\CRD\AppData\Local\Temp
Project directory: C:\Users\CRD\Documents\Ansoft
[warning] Unable to find script file C:/Opt_files/GP2019_03_26_13h07m27s/temp/MPA_gen_1_pop_7.vbs.
Temp directory: C:\Users\CRD\AppData\Local\Temp
Project directory: C:\Users\CRD\Documents\Ansoft
[warning] Unable to find script file C:/Opt_files/GP2019_03_26_13h07m27s/temp/MPA_gen_1_pop_6.vbs.
 
Ansoft HFSS Version 13.0.0, Build: 2010-10-25 04:49:02
Location: C:\Program Files (x86)\Ansoft\HFSS13.0\hfss.exe
Non Graphical Mode: No Project??
Starting Batch Run: 1:20:35 CH  Thg3 26, 2019
Running as user: CRD-PC\CRD
Temp directory: C:\Users\CRD\AppData\Local\Temp
Project directory: C:\Users\CRD\Documents\Ansoft
[warning] Unable to find script file C:/Opt_files/GP2019_03_26_13h20m28s/temp/MPA_gen_1_pop_1.vbs.
